[0.029s] Invoking command in '/home/student/ros2_ws/build/scan_matching_localiser': CMAKE_PREFIX_PATH=${CMAKE_PREFIX_PATH}:/home/student/ros2_ws/install/turtlebot3_teleop:/home/student/ros2_ws/install/turtlebot3_example:/opt/ros/humble /usr/bin/cmake --build /home/student/ros2_ws/build/scan_matching_localiser -- -j8 -l8
[0.099s] [35m[1mConsolidate compiler generated dependencies of target map_processor_node[0m
[0.135s] [ 50%] [32mBuilding CXX object CMakeFiles/map_processor_node.dir/src/map_processor_node.cpp.o[0m
[4.492s] [01m[K/home/student/ros2_ws/src/scan_matching_localiser/src/map_processor_node.cpp:[m[K In member function â€˜[01m[Kvoid MapProcessorNode::detectAndMatchFeatures(const cv::Mat&, const cv::Mat&, std::vector<cv::Point_<float> >&, std::vector<cv::Point_<float> >&)[m[Kâ€™:
[4.492s] [01m[K/home/student/ros2_ws/src/scan_matching_localiser/src/map_processor_node.cpp:163:71:[m[K [01;31m[Kerror: [m[Kâ€˜[01m[Kgood_matches[m[Kâ€™ was not declared in this scope; did you mean â€˜[01m[KgoodMatches[m[Kâ€™?
[4.492s]   163 |  scan_image, keypoints2, [01;31m[Kgood_matches[m[K, img_matches);
[4.492s]       |                          [01;31m[K^~~~~~~~~~~~[m[K
[4.492s]       |                          [32m[KgoodMatches[m[K
[9.402s] gmake[2]: *** [CMakeFiles/map_processor_node.dir/build.make:76: CMakeFiles/map_processor_node.dir/src/map_processor_node.cpp.o] Error 1
[9.402s] gmake[1]: *** [CMakeFiles/Makefile2:137: CMakeFiles/map_processor_node.dir/all] Error 2
[9.402s] gmake: *** [Makefile:146: all] Error 2
[9.407s] Invoked command in '/home/student/ros2_ws/build/scan_matching_localiser' returned '2': CMAKE_PREFIX_PATH=${CMAKE_PREFIX_PATH}:/home/student/ros2_ws/install/turtlebot3_teleop:/home/student/ros2_ws/install/turtlebot3_example:/opt/ros/humble /usr/bin/cmake --build /home/student/ros2_ws/build/scan_matching_localiser -- -j8 -l8
