[0.014s] Invoking command in '/home/student/ros2_ws/build/scan_matching_localiser': CMAKE_PREFIX_PATH=${CMAKE_PREFIX_PATH}:/home/student/ros2_ws/install/turtlebot3_teleop:/home/student/ros2_ws/install/turtlebot3_example:/opt/ros/humble /usr/bin/cmake --build /home/student/ros2_ws/build/scan_matching_localiser -- -j8 -l8
[0.044s] -- Found ament_cmake: 1.3.9 (/opt/ros/humble/share/ament_cmake/cmake)
[0.179s] -- Found rclcpp: 16.0.9 (/opt/ros/humble/share/rclcpp/cmake)
[0.208s] -- Found rosidl_generator_c: 3.1.5 (/opt/ros/humble/share/rosidl_generator_c/cmake)
[0.210s] -- Found rosidl_adapter: 3.1.5 (/opt/ros/humble/share/rosidl_adapter/cmake)
[0.216s] -- Found rosidl_generator_cpp: 3.1.5 (/opt/ros/humble/share/rosidl_generator_cpp/cmake)
[0.228s] -- Using all available rosidl_typesupport_c: rosidl_typesupport_fastrtps_c;rosidl_typesupport_introspection_c
[0.244s] -- Using all available rosidl_typesupport_cpp: rosidl_typesupport_fastrtps_cpp;rosidl_typesupport_introspection_cpp
[0.302s] -- Found rmw_implementation_cmake: 6.1.2 (/opt/ros/humble/share/rmw_implementation_cmake/cmake)
[0.304s] -- Found rmw_fastrtps_cpp: 6.2.6 (/opt/ros/humble/share/rmw_fastrtps_cpp/cmake)
[0.434s] -- Using RMW implementation 'rmw_fastrtps_cpp' as default
[0.591s] -- Found nav_msgs: 4.2.4 (/opt/ros/humble/share/nav_msgs/cmake)
[0.717s] -- Found sensor_msgs: 4.2.4 (/opt/ros/humble/share/sensor_msgs/cmake)
[0.812s] -- Found tf2: 0.25.7 (/opt/ros/humble/share/tf2/cmake)
[0.840s] -- Found tf2_geometry_msgs: 0.25.7 (/opt/ros/humble/share/tf2_geometry_msgs/cmake)
[0.891s] -- Found eigen3_cmake_module: 0.1.1 (/opt/ros/humble/share/eigen3_cmake_module/cmake)
[0.899s] -- Found Eigen3: TRUE (found version "3.4.0") 
[0.899s] -- Ensuring Eigen3 include directory is part of orocos-kdl CMake target
[1.456s] -- Found ament_lint_auto: 0.12.11 (/opt/ros/humble/share/ament_lint_auto/cmake)
[1.530s] -- Added test 'cppcheck' to perform static code analysis on C / C++ code
[1.530s] -- Configured cppcheck include dirs: $<BUILD_INTERFACE:/home/student/ros2_ws/src/scan_matching_localiser/include>
[1.530s] -- Configured cppcheck exclude dirs and/or files: 
[1.531s] -- Added test 'lint_cmake' to check CMake code style
[1.532s] -- Added test 'uncrustify' to check C / C++ code style
[1.532s] -- Configured uncrustify additional arguments: 
[1.532s] -- Added test 'xmllint' to check XML markup files
[1.533s] -- Configuring done
[1.549s] -- Generating done
[1.551s] -- Build files have been written to: /home/student/ros2_ws/build/scan_matching_localiser
[1.589s] [35m[1mConsolidate compiler generated dependencies of target map_processor_node[0m
[1.618s] [ 50%] [32mBuilding CXX object CMakeFiles/map_processor_node.dir/src/map_processor_node.cpp.o[0m
[4.814s] [01m[K/home/student/ros2_ws/src/scan_matching_localiser/src/map_processor_node.cpp:[m[K In member function â€˜[01m[Kvoid MapProcessorNode::updatePose(double)[m[Kâ€™:
[4.814s] [01m[K/home/student/ros2_ws/src/scan_matching_localiser/src/map_processor_node.cpp:204:47:[m[K [01;31m[Kerror: [m[Kno matching function for call to â€˜[01m[KtoMsg(tf2::Quaternion&)[m[Kâ€™
[4.814s]   204 | _.orientation = [01;31m[Ktf2::toMsg(q)[m[K;
[4.814s]       |                 [01;31m[K~~~~~~~~~~^~~[m[K
[4.815s] 
[4.815s] In file included from [01m[K/opt/ros/humble/include/tf2/tf2/impl/utils.h:18[m[K,
[4.815s]                  from [01m[K/opt/ros/humble/include/tf2/tf2/utils.h:20[m[K,
[4.815s]                  from [01m[K/home/student/ros2_ws/src/scan_matching_localiser/src/map_processor_node.cpp:7[m[K:
[4.815s] [01m[K/opt/ros/humble/include/tf2/tf2/convert.h:129:3:[m[K [01;36m[Knote: [m[Kcandidate: â€˜[01m[Ktemplate<class A, class B> B tf2::toMsg(const A&)[m[Kâ€™
[4.815s]   129 | B [01;36m[KtoMsg[m[K(const A & a);
[4.815s]       |   [01;36m[K^~~~~[m[K
[4.815s] [01m[K/opt/ros/humble/include/tf2/tf2/convert.h:129:3:[m[K [01;36m[Knote: [m[K  template argument deduction/substitution failed:
[4.815s] [01m[K/home/student/ros2_ws/src/scan_matching_localiser/src/map_processor_node.cpp:204:47:[m[K [01;36m[Knote: [m[K  couldnâ€™t deduce template parameter â€˜[01m[KB[m[Kâ€™
[4.815s]   204 | _.orientation = [01;36m[Ktf2::toMsg(q)[m[K;
[4.815s]       |                 [01;36m[K~~~~~~~~~~^~~[m[K
[4.815s] 
[10.058s] gmake[2]: *** [CMakeFiles/map_processor_node.dir/build.make:76: CMakeFiles/map_processor_node.dir/src/map_processor_node.cpp.o] Error 1
[10.059s] gmake[1]: *** [CMakeFiles/Makefile2:137: CMakeFiles/map_processor_node.dir/all] Error 2
[10.059s] gmake: *** [Makefile:146: all] Error 2
[10.062s] Invoked command in '/home/student/ros2_ws/build/scan_matching_localiser' returned '2': CMAKE_PREFIX_PATH=${CMAKE_PREFIX_PATH}:/home/student/ros2_ws/install/turtlebot3_teleop:/home/student/ros2_ws/install/turtlebot3_example:/opt/ros/humble /usr/bin/cmake --build /home/student/ros2_ws/build/scan_matching_localiser -- -j8 -l8
