[0.026s] Invoking command in '/home/student/ros2_ws/build/turtlebot3_state_estimation': CMAKE_PREFIX_PATH=${CMAKE_PREFIX_PATH}:/home/student/ros2_ws/install/turtlebot3_teleop:/home/student/ros2_ws/install/turtlebot3_example:/opt/ros/humble /usr/bin/cmake --build /home/student/ros2_ws/build/turtlebot3_state_estimation -- -j8 -l8
[0.151s] [35m[1mConsolidate compiler generated dependencies of target dead_reckoning[0m
[0.220s] [ 50%] [32mBuilding CXX object CMakeFiles/dead_reckoning.dir/src/dead_reckoning.cpp.o[0m
[0.704s] [01m[K/home/student/ros2_ws/src/turtlebot3_state_estimation/src/dead_reckoning.cpp:4:10:[m[K [01;31m[Kfatal error: [m[Ktf2/LinearMath/Quaternion.h: No such file or directory
[0.705s]     4 | #include [01;31m[K<tf2/LinearMath/Quaternion.h>[m[K
[0.705s]       |          [01;31m[K^~~~~~~~~~~~~~~~~~~~~~~~~~~~~[m[K
[0.705s] compilation terminated.
[0.707s] gmake[2]: *** [CMakeFiles/dead_reckoning.dir/build.make:76: CMakeFiles/dead_reckoning.dir/src/dead_reckoning.cpp.o] Error 1
[0.707s] gmake[1]: *** [CMakeFiles/Makefile2:137: CMakeFiles/dead_reckoning.dir/all] Error 2
[0.710s] gmake: *** [Makefile:146: all] Error 2
[0.714s] Invoked command in '/home/student/ros2_ws/build/turtlebot3_state_estimation' returned '2': CMAKE_PREFIX_PATH=${CMAKE_PREFIX_PATH}:/home/student/ros2_ws/install/turtlebot3_teleop:/home/student/ros2_ws/install/turtlebot3_example:/opt/ros/humble /usr/bin/cmake --build /home/student/ros2_ws/build/turtlebot3_state_estimation -- -j8 -l8
