[01m[K/home/student/ros2_ws/src/laser_processor_pkg/src/laser_processor.cpp:[m[K In constructor â€˜[01m[KLaserProcessor::LaserProcessor()[m[Kâ€™:
[01m[K/home/student/ros2_ws/src/laser_processor_pkg/src/laser_processor.cpp:10:53:[m[K [01;31m[Kerror: [m[Kâ€˜[01m[Kscan_callback[m[Kâ€™ is not a member of â€˜[01m[KLaserProcessor[m[Kâ€™
   10 | std::bind(&LaserProcessor::[01;31m[Kscan_callback[m[K, this, std::placeholders::_1));
      |                            [01;31m[K^~~~~~~~~~~~~[m[K

[01m[K/home/student/ros2_ws/src/laser_processor_pkg/src/laser_processor.cpp:[m[K In function â€˜[01m[Kint main(int, char**)[m[Kâ€™:
[01m[K/home/student/ros2_ws/src/laser_processor_pkg/src/laser_processor.cpp:61:35:[m[K [01;31m[Kerror: [m[Kâ€˜[01m[KLaserScanProcessor[m[Kâ€™ was not declared in this scope; did you mean â€˜[01m[KLaserProcessor[m[Kâ€™?
   61 | cpp::spin(std::make_shared<[01;31m[KLaserScanProcessor[m[K>());
      |                            [01;31m[K^~~~~~~~~~~~~~~~~~[m[K
      |                            [32m[KLaserProcessor[m[K
[01m[K/home/student/ros2_ws/src/laser_processor_pkg/src/laser_processor.cpp:61:54:[m[K [01;31m[Kerror: [m[Kno matching function for call to â€˜[01m[Kmake_shared<<expression error> >()[m[Kâ€™
   61 | [01;31m[Kd::make_shared<LaserScanProcessor>()[m[K);
      | [01;31m[K~~~~~~~~~~~~~~~~~~~~~~~~~~~~~~~~~~^~[m[K

In file included from [01m[K/usr/include/c++/11/memory:77[m[K,
                 from [01m[K/opt/ros/humble/include/rclcpp/rclcpp/rclcpp.hpp:153[m[K,
                 from [01m[K/home/student/ros2_ws/src/laser_processor_pkg/src/laser_processor.cpp:1[m[K:
[01m[K/usr/include/c++/11/bits/shared_ptr.h:875:5:[m[K [01;36m[Knote: [m[Kcandidate: â€˜[01m[Ktemplate<class _Tp, class ... _Args> std::shared_ptr<_Tp> std::make_shared(_Args&& ...)[m[Kâ€™
  875 |     [01;36m[Kmake_shared[m[K(_Args&&... __args)
      |     [01;36m[K^~~~~~~~~~~[m[K
[01m[K/usr/include/c++/11/bits/shared_ptr.h:875:5:[m[K [01;36m[Knote: [m[K  template argument deduction/substitution failed:
[01m[K/home/student/ros2_ws/src/laser_processor_pkg/src/laser_processor.cpp:61:54:[m[K [01;31m[Kerror: [m[Ktemplate argument 1 is invalid
   61 | [01;31m[Kd::make_shared<LaserScanProcessor>()[m[K);
      | [01;31m[K~~~~~~~~~~~~~~~~~~~~~~~~~~~~~~~~~~^~[m[K

gmake[2]: *** [CMakeFiles/laser_processor.dir/build.make:76: CMakeFiles/laser_processor.dir/src/laser_processor.cpp.o] Error 1
gmake[1]: *** [CMakeFiles/Makefile2:137: CMakeFiles/laser_processor.dir/all] Error 2
gmake: *** [Makefile:146: all] Error 2
