[0.048s] Invoking command in '/home/student/ros2_ws/build/scan_matching_localiser': CMAKE_PREFIX_PATH=${CMAKE_PREFIX_PATH}:/home/student/ros2_ws/install/turtlebot3_teleop:/home/student/ros2_ws/install/turtlebot3_example:/opt/ros/humble /usr/bin/cmake --build /home/student/ros2_ws/build/scan_matching_localiser -- -j8 -l8
[0.124s] [35m[1mConsolidate compiler generated dependencies of target map_processor_node[0m
[0.156s] [ 50%] [32mBuilding CXX object CMakeFiles/map_processor_node.dir/src/map_processor_node.cpp.o[0m
[4.560s] [01m[K/home/student/ros2_ws/src/scan_matching_localiser/src/map_processor_node.cpp:[m[K In member function â€˜[01m[Kvoid MapProcessorNode::scanCallback(sensor_msgs::msg::LaserScan_<std::allocator<void> >::SharedPtr)[m[Kâ€™:
[4.560s] [01m[K/home/student/ros2_ws/src/scan_matching_localiser/src/map_processor_node.cpp:39:14:[m[K [01;31m[Kerror: [m[Kâ€˜[01m[Km_edge_image[m[Kâ€™ was not declared in this scope
[4.560s]    39 |         if (![01;31m[Km_edge_image[m[K.empty() && !m_laser_scan_image.empty()) {
[4.561s]       |              [01;31m[K^~~~~~~~~~~~[m[K
[4.573s] [01m[K/home/student/ros2_ws/src/scan_matching_localiser/src/map_processor_node.cpp:39:39:[m[K [01;31m[Kerror: [m[Kâ€˜[01m[Km_laser_scan_image[m[Kâ€™ was not declared in this scope; did you mean â€˜[01m[KlaserScanToImage[m[Kâ€™?
[4.573s]    39 | m_edge_image.empty() && ![01;31m[Km_laser_scan_image[m[K.empty()) {
[4.573s]       |                          [01;31m[K^~~~~~~~~~~~~~~~~~[m[K
[4.573s]       |                          [32m[KlaserScanToImage[m[K
[4.594s] [01m[K/home/student/ros2_ws/src/scan_matching_localiser/src/map_processor_node.cpp:[m[K In member function â€˜[01m[Kvoid MapProcessorNode::mapCallback(nav_msgs::msg::OccupancyGrid_<std::allocator<void> >::SharedPtr)[m[Kâ€™:
[4.595s] [01m[K/home/student/ros2_ws/src/scan_matching_localiser/src/map_processor_node.cpp:68:14:[m[K [01;31m[Kerror: [m[Kâ€˜[01m[Km_edge_image[m[Kâ€™ was not declared in this scope; did you mean â€˜[01m[Kedge_img[m[Kâ€™?
[4.595s]    68 |         if (![01;31m[Km_edge_image[m[K.empty() && !m_laser_scan_image.empty()) {
[4.595s]       |              [01;31m[K^~~~~~~~~~~~[m[K
[4.595s]       |              [32m[Kedge_img[m[K
[4.614s] [01m[K/home/student/ros2_ws/src/scan_matching_localiser/src/map_processor_node.cpp:68:39:[m[K [01;31m[Kerror: [m[Kâ€˜[01m[Km_laser_scan_image[m[Kâ€™ was not declared in this scope; did you mean â€˜[01m[KlaserScanToImage[m[Kâ€™?
[4.614s]    68 | m_edge_image.empty() && ![01;31m[Km_laser_scan_image[m[K.empty()) {
[4.614s]       |                          [01;31m[K^~~~~~~~~~~~~~~~~~[m[K
[4.614s]       |                          [32m[KlaserScanToImage[m[K
[4.646s] [01m[K/home/student/ros2_ws/src/scan_matching_localiser/src/map_processor_node.cpp:[m[K In member function â€˜[01m[Kvoid MapProcessorNode::matchFeatures()[m[Kâ€™:
[4.646s] [01m[K/home/student/ros2_ws/src/scan_matching_localiser/src/map_processor_node.cpp:172:32:[m[K [01;31m[Kerror: [m[Kâ€˜[01m[Km_edge_image[m[Kâ€™ was not declared in this scope
[4.646s]   172 |   detectAndMatchFeatures([01;31m[Km_edge_image[m[K, m_laser_scan_image, srcPoints, dstPoints);
[4.646s]       |                          [01;31m[K^~~~~~~~~~~~[m[K
[4.646s] 
[4.664s] [01m[K/home/student/ros2_ws/src/scan_matching_localiser/src/map_processor_node.cpp:172:46:[m[K [01;31m[Kerror: [m[Kâ€˜[01m[Km_laser_scan_image[m[Kâ€™ was not declared in this scope; did you mean â€˜[01m[KlaserScanToImage[m[Kâ€™?
[4.664s]   172 | chFeatures(m_edge_image, [01;31m[Km_laser_scan_image[m[K, srcPoints, dstPoints);
[4.664s]       |                          [01;31m[K^~~~~~~~~~~~~~~~~~[m[K
[4.664s]       |                          [32m[KlaserScanToImage[m[K
[9.582s] gmake[2]: *** [CMakeFiles/map_processor_node.dir/build.make:76: CMakeFiles/map_processor_node.dir/src/map_processor_node.cpp.o] Error 1
[9.583s] gmake[1]: *** [CMakeFiles/Makefile2:137: CMakeFiles/map_processor_node.dir/all] Error 2
[9.584s] gmake: *** [Makefile:146: all] Error 2
[9.592s] Invoked command in '/home/student/ros2_ws/build/scan_matching_localiser' returned '2': CMAKE_PREFIX_PATH=${CMAKE_PREFIX_PATH}:/home/student/ros2_ws/install/turtlebot3_teleop:/home/student/ros2_ws/install/turtlebot3_example:/opt/ros/humble /usr/bin/cmake --build /home/student/ros2_ws/build/scan_matching_localiser -- -j8 -l8
