[0.026s] Invoking command in '/home/student/ros2_ws/build/scan_matching_localiser': CMAKE_PREFIX_PATH=${CMAKE_PREFIX_PATH}:/home/student/ros2_ws/install/turtlebot3_teleop:/home/student/ros2_ws/install/turtlebot3_example:/opt/ros/humble /usr/bin/cmake --build /home/student/ros2_ws/build/scan_matching_localiser -- -j8 -l8
[0.108s] [35m[1mConsolidate compiler generated dependencies of target map_processor_node[0m
[0.180s] [ 50%] [32mBuilding CXX object CMakeFiles/map_processor_node.dir/src/map_processor_node.cpp.o[0m
[0.728s] In file included from [01m[K/home/student/ros2_ws/src/scan_matching_localiser/src/map_processor_node.cpp:9[m[K:
[0.729s] [01m[K/opt/ros/humble/include/tf2_geometry_msgs/tf2_geometry_msgs/tf2_geometry_msgs.h:35:2:[m[K [01;35m[Kwarning: [m[K#warning This header is obsolete, please include tf2_geometry_msgs/tf2_geometry_msgs.hpp instead [[01;35m[K]8;;https://gcc.gnu.org/onlinedocs/gcc/Warning-Options.html#index-Wcpp-Wcpp]8;;[m[K]
[0.729s]    35 | #[01;35m[Kwarning[m[K This header is obsolete, please include tf2_geometry_msgs/tf2_geometry_msgs.hpp instead
[0.729s]       |  [01;35m[K^~~~~~~[m[K
[5.056s] [01m[K/home/student/ros2_ws/src/scan_matching_localiser/src/map_processor_node.cpp:176:43:[m[K [01;31m[Kerror: [m[Kâ€˜[01m[KTwist[m[Kâ€™ is not a member of â€˜[01m[Kgeometry_msgs::msg[m[Kâ€™; did you mean â€˜[01m[KKDL::Twist[m[Kâ€™?
[5.056s]   176 | Publisher<geometry_msgs::msg::[01;31m[KTwist[m[K>::SharedPtr cmd_publisher_;
[5.056s]       |                               [01;31m[K^~~~~[m[K
[5.056s] 
[5.057s] In file included from [01m[K/opt/ros/humble/include/tf2_geometry_msgs/tf2_geometry_msgs/tf2_geometry_msgs.hpp:53[m[K,
[5.057s]                  from [01m[K/opt/ros/humble/include/tf2_geometry_msgs/tf2_geometry_msgs/tf2_geometry_msgs.h:37[m[K,
[5.057s]                  from [01m[K/home/student/ros2_ws/src/scan_matching_localiser/src/map_processor_node.cpp:9[m[K:
[5.057s] [01m[K/usr/include/kdl/frames.hpp:720:7:[m[K [01;36m[Knote: [m[Kâ€˜[01m[KKDL::Twist[m[Kâ€™ declared here
[5.057s]   720 | class [01;36m[KTwist[m[K {
[5.057s]       |       [01;36m[K^~~~~[m[K
[5.057s] [01m[K/home/student/ros2_ws/src/scan_matching_localiser/src/map_processor_node.cpp:176:48:[m[K [01;31m[Kerror: [m[Ktemplate argument 1 is invalid
[5.058s]   176 | sher<geometry_msgs::msg::Twist[01;31m[K>[m[K::SharedPtr cmd_publisher_;
[5.058s]       |                               [01;31m[K^[m[K
[5.058s] 
[5.058s] [01m[K/home/student/ros2_ws/src/scan_matching_localiser/src/map_processor_node.cpp:176:51:[m[K [01;31m[Kerror: [m[Kexpected â€˜[01m[K;[m[Kâ€™ at end of member declaration
[5.058s]   176 | r<geometry_msgs::msg::Twist>::[01;31m[KSharedPtr[m[K cmd_publisher_;
[5.058s]       |                               [01;31m[K^~~~~~~~~[m[K
[5.058s]       |                                        [32m[K;[m[K
[5.060s] [01m[K/home/student/ros2_ws/src/scan_matching_localiser/src/map_processor_node.cpp:176:61:[m[K [01;31m[Kerror: [m[Kâ€˜[01m[Kcmd_publisher_[m[Kâ€™ does not name a type; did you mean â€˜[01m[Krmw_publisher_t[m[Kâ€™?
[5.060s]   176 | _msgs::msg::Twist>::SharedPtr [01;31m[Kcmd_publisher_[m[K;
[5.060s]       |                               [01;31m[K^~~~~~~~~~~~~~[m[K
[5.060s]       |                               [32m[Krmw_publisher_t[m[K
[5.061s] [01m[K/home/student/ros2_ws/src/scan_matching_localiser/src/map_processor_node.cpp:[m[K In constructor â€˜[01m[KMapProcessorNode::MapProcessorNode()[m[Kâ€™:
[5.061s] [01m[K/home/student/ros2_ws/src/scan_matching_localiser/src/map_processor_node.cpp:15:59:[m[K [01;31m[Kerror: [m[Kclass â€˜[01m[KMapProcessorNode[m[Kâ€™ does not have any field named â€˜[01m[Krelative_orientaion_[m[Kâ€™
[5.061s]    15 | de"), angle_difference_(0.0), [01;31m[Krelative_orientaion_[m[K(0.0)
[5.061s]       |                               [01;31m[K^~~~~~~~~~~~~~~~~~~~[m[K
[5.061s] 
[5.089s] [01m[K/home/student/ros2_ws/src/scan_matching_localiser/src/map_processor_node.cpp:23:9:[m[K [01;31m[Kerror: [m[Kâ€˜[01m[Kcmd_publisher_[m[Kâ€™ was not declared in this scope; did you mean â€˜[01m[Krmw_publisher_t[m[Kâ€™?
[5.090s]    23 |         [01;31m[Kcmd_publisher_[m[K = this->create_publisher<geometry_msgs::msg::Twist>("/cmd_vel", 10);
[5.090s]       |         [01;31m[K^~~~~~~~~~~~~~[m[K
[5.090s]       |         [32m[Krmw_publisher_t[m[K
[5.091s] [01m[K/home/student/ros2_ws/src/scan_matching_localiser/src/map_processor_node.cpp:23:69:[m[K [01;31m[Kerror: [m[Kâ€˜[01m[KTwist[m[Kâ€™ is not a member of â€˜[01m[Kgeometry_msgs::msg[m[Kâ€™; did you mean â€˜[01m[KKDL::Twist[m[Kâ€™?
[5.091s]    23 | publisher<geometry_msgs::msg::[01;31m[KTwist[m[K>("/cmd_vel", 10);
[5.092s]       |                               [01;31m[K^~~~~[m[K
[5.092s] 
[5.092s] In file included from [01m[K/opt/ros/humble/include/tf2_geometry_msgs/tf2_geometry_msgs/tf2_geometry_msgs.hpp:53[m[K,
[5.093s]                  from [01m[K/opt/ros/humble/include/tf2_geometry_msgs/tf2_geometry_msgs/tf2_geometry_msgs.h:37[m[K,
[5.093s]                  from [01m[K/home/student/ros2_ws/src/scan_matching_localiser/src/map_processor_node.cpp:9[m[K:
[5.093s] [01m[K/usr/include/kdl/frames.hpp:720:7:[m[K [01;36m[Knote: [m[Kâ€˜[01m[KKDL::Twist[m[Kâ€™ declared here
[5.093s]   720 | class [01;36m[KTwist[m[K {
[5.093s]       |       [01;36m[K^~~~~[m[K
[5.093s] [01m[K/home/student/ros2_ws/src/scan_matching_localiser/src/map_processor_node.cpp:23:75:[m[K [01;31m[Kerror: [m[Kno matching function for call to â€˜[01m[KMapProcessorNode::create_publisher<<expression error> >(const char [9], int)[m[Kâ€™
[5.094s]    23 | [01;31m[Kher<geometry_msgs::msg::Twist>("/cmd_vel", 10)[m[K;
[5.094s]       | [01;31m[K~~~~~~~~~~~~~~~~~~~~~~~~~~~~~~^~~~~~~~~~~~~~~~[m[K
[5.094s] 
[5.094s] In file included from [01m[K/opt/ros/humble/include/rclcpp/rclcpp/executors/single_threaded_executor.hpp:28[m[K,
[5.094s]                  from [01m[K/opt/ros/humble/include/rclcpp/rclcpp/executors.hpp:22[m[K,
[5.094s]                  from [01m[K/opt/ros/humble/include/rclcpp/rclcpp/rclcpp.hpp:155[m[K,
[5.094s]                  from [01m[K/home/student/ros2_ws/src/scan_matching_localiser/src/map_processor_node.cpp:1[m[K:
[5.094s] [01m[K/opt/ros/humble/include/rclcpp/rclcpp/node.hpp:195:3:[m[K [01;36m[Knote: [m[Kcandidate: â€˜[01m[Ktemplate<class MessageT, class AllocatorT, class PublisherT> std::shared_ptr<PublisherT> rclcpp::Node::create_publisher(const string&, const rclcpp::QoS&, const rclcpp::PublisherOptionsWithAllocator<AllocatorT>&)[m[Kâ€™
[5.095s]   195 |   [01;36m[Kcreate_publisher[m[K(
[5.095s]       |   [01;36m[K^~~~~~~~~~~~~~~~[m[K
[5.095s] [01m[K/opt/ros/humble/include/rclcpp/rclcpp/node.hpp:195:3:[m[K [01;36m[Knote: [m[K  template argument deduction/substitution failed:
[5.095s] [01m[K/home/student/ros2_ws/src/scan_matching_localiser/src/map_processor_node.cpp:23:75:[m[K [01;31m[Kerror: [m[Ktemplate argument 1 is invalid
[5.095s]    23 | [01;31m[Kher<geometry_msgs::msg::Twist>("/cmd_vel", 10)[m[K;
[5.095s]       | [01;31m[K~~~~~~~~~~~~~~~~~~~~~~~~~~~~~~^~~~~~~~~~~~~~~~[m[K
[5.095s] 
[5.105s] [01m[K/home/student/ros2_ws/src/scan_matching_localiser/src/map_processor_node.cpp:[m[K In member function â€˜[01m[Kvoid MapProcessorNode::occupancyGridToImage(nav_msgs::msg::OccupancyGrid_<std::allocator<void> >::SharedPtr)[m[Kâ€™:
[5.106s] [01m[K/home/student/ros2_ws/src/scan_matching_localiser/src/map_processor_node.cpp:65:31:[m[K [01;35m[Kwarning: [m[Kcomparison of integer expressions of different signedness: â€˜[01m[Kint[m[Kâ€™ and â€˜[01m[Knav_msgs::msg::MapMetaData_<std::allocator<void> >::_height_type[m[Kâ€™ {aka â€˜[01m[Kunsigned int[m[Kâ€™} [[01;35m[K]8;;https://gcc.gnu.org/onlinedocs/gcc/Warning-Options.html#index-Wsign-compare-Wsign-compare]8;;[m[K]
[5.106s]    65 |         for (int row = 0; [01;35m[Krow < grid->info.height[m[K; ++row)
[5.106s]       |                           [01;35m[K~~~~^~~~~~~~~~~~~~~~~~~[m[K
[5.106s] [01m[K/home/student/ros2_ws/src/scan_matching_localiser/src/map_processor_node.cpp:67:35:[m[K [01;35m[Kwarning: [m[Kcomparison of integer expressions of different signedness: â€˜[01m[Kint[m[Kâ€™ and â€˜[01m[Knav_msgs::msg::MapMetaData_<std::allocator<void> >::_width_type[m[Kâ€™ {aka â€˜[01m[Kunsigned int[m[Kâ€™} [[01;35m[K]8;;https://gcc.gnu.org/onlinedocs/gcc/Warning-Options.html#index-Wsign-compare-Wsign-compare]8;;[m[K]
[5.107s]    67 |         for (int col = 0; [01;35m[Kcol < grid->info.width[m[K; ++col)
[5.107s]       |                           [01;35m[K~~~~^~~~~~~~~~~~~~~~~~[m[K
[5.107s] 
[5.130s] [01m[K/home/student/ros2_ws/src/scan_matching_localiser/src/map_processor_node.cpp:[m[K In member function â€˜[01m[Kvoid MapProcessorNode::detectAndMatchFeatures(const cv::Mat&, const cv::Mat&, std::vector<cv::Point_<float> >&, std::vector<cv::Point_<float> >&)[m[Kâ€™:
[5.130s] [01m[K/home/student/ros2_ws/src/scan_matching_localiser/src/map_processor_node.cpp:141:31:[m[K [01;31m[Kerror: [m[Kâ€˜[01m[Kimage_c[m[Kâ€™ was not declared in this scope; did you mean â€˜[01m[Kimgage_c[m[Kâ€™?
[5.130s]   141 |         orb->detectAndCompute([01;31m[Kimage_c[m[K, cv::noArray(), keypoints2, descriptors2);
[5.130s]       |                               [01;31m[K^~~~~~~[m[K
[5.130s]       |                               [32m[Kimgage_c[m[K
[5.134s] [01m[K/home/student/ros2_ws/src/scan_matching_localiser/src/map_processor_node.cpp:134:73:[m[K [01;35m[Kwarning: [m[Kunused parameter â€˜[01m[Kimgage_c[m[Kâ€™ [[01;35m[K]8;;https://gcc.gnu.org/onlinedocs/gcc/Warning-Options.html#index-Wunused-parameter-Wunused-parameter]8;;[m[K]
[5.135s]   134 | Mat& imgage_b, [01;35m[Kconst cv::Mat& imgage_c[m[K, std::vector<cv::Point2f>& src_points, std::vector<cv::Point2f>& dst_points)
[5.135s]       |                [01;35m[K~~~~~~~~~~~~~~~^~~~~~~~[m[K
[5.135s] 
[5.135s] [01m[K/home/student/ros2_ws/src/scan_matching_localiser/src/map_processor_node.cpp:[m[K In member function â€˜[01m[Kvoid MapProcessorNode::rotateRobot()[m[Kâ€™:
[5.135s] [01m[K/home/student/ros2_ws/src/scan_matching_localiser/src/map_processor_node.cpp:162:47:[m[K [01;31m[Kerror: [m[Kâ€˜[01m[KTwist[m[Kâ€™ is not a member of â€˜[01m[Kgeometry_msgs::msg[m[Kâ€™; did you mean â€˜[01m[KKDL::Twist[m[Kâ€™?
[5.136s]   162 |  twist_msg = geometry_msgs::msg::[01;31m[KTwist[m[K();
[5.136s]       |                                  [01;31m[K^~~~~[m[K
[5.136s] 
[5.136s] In file included from [01m[K/opt/ros/humble/include/tf2_geometry_msgs/tf2_geometry_msgs/tf2_geometry_msgs.hpp:53[m[K,
[5.136s]                  from [01m[K/opt/ros/humble/include/tf2_geometry_msgs/tf2_geometry_msgs/tf2_geometry_msgs.h:37[m[K,
[5.136s]                  from [01m[K/home/student/ros2_ws/src/scan_matching_localiser/src/map_processor_node.cpp:9[m[K:
[5.136s] [01m[K/usr/include/kdl/frames.hpp:720:7:[m[K [01;36m[Knote: [m[Kâ€˜[01m[KKDL::Twist[m[Kâ€™ declared here
[5.137s]   720 | class [01;36m[KTwist[m[K {
[5.137s]       |       [01;36m[K^~~~~[m[K
[5.144s] [01m[K/home/student/ros2_ws/src/scan_matching_localiser/src/map_processor_node.cpp:164:10:[m[K [01;31m[Kerror: [m[Kâ€˜[01m[Kcmd_publisher_[m[Kâ€™ was not declared in this scope; did you mean â€˜[01m[Krmw_publisher_t[m[Kâ€™?
[5.144s]   164 |          [01;31m[Kcmd_publisher_[m[K->publish(twist_msg);
[5.144s]       |          [01;31m[K^~~~~~~~~~~~~~[m[K
[5.144s]       |          [32m[Krmw_publisher_t[m[K
[10.613s] gmake[2]: *** [CMakeFiles/map_processor_node.dir/build.make:76: CMakeFiles/map_processor_node.dir/src/map_processor_node.cpp.o] Error 1
[10.614s] gmake[1]: *** [CMakeFiles/Makefile2:137: CMakeFiles/map_processor_node.dir/all] Error 2
[10.614s] gmake: *** [Makefile:146: all] Error 2
[10.629s] Invoked command in '/home/student/ros2_ws/build/scan_matching_localiser' returned '2': CMAKE_PREFIX_PATH=${CMAKE_PREFIX_PATH}:/home/student/ros2_ws/install/turtlebot3_teleop:/home/student/ros2_ws/install/turtlebot3_example:/opt/ros/humble /usr/bin/cmake --build /home/student/ros2_ws/build/scan_matching_localiser -- -j8 -l8
