[01m[K/home/student/ros2_ws/src/cylinder_detector/src/cylinderDetector.cpp:57:80:[m[K [01;35m[Kwarning: [m[Kmissing terminating " character
   57 | ected" at (%.2f, %.2f)[01;35m[K"[m[K,
      |                       [01;35m[K^[m[K

[01m[K/home/student/ros2_ws/src/cylinder_detector/src/cylinderDetector.cpp:58:65:[m[K [01;35m[Kwarning: [m[Kmissing terminating " character
   58 | , cylinder_position.y[01;35m[K"[m[K);
      |                      [01;35m[K^[m[K

[01m[K/home/student/ros2_ws/src/cylinder_detector/src/cylinderDetector.cpp:88:2:[m[K [01;31m[Kerror: [m[Kunterminated argument list invoking macro "RCLCPP_INFO"
   88 | }
      |  [01;31m[K^[m[K
[01m[K/home/student/ros2_ws/src/cylinder_detector/src/cylinderDetector.cpp:57:24:[m[K [01;31m[Kerror: [m[Kexpected â€˜[01m[K}[m[Kâ€™ at end of input
   57 |   RCLCPP_INFO[01;31m[K([m[Kthis->get_logger(), "Cylinder detected" at (%.2f, %.2f)",
      |              [01;31m[K^[m[K

[01m[K/home/student/ros2_ws/src/cylinder_detector/src/cylinderDetector.cpp:8:1:[m[K [01;36m[Knote: [m[Kto match this â€˜[01m[K{[m[Kâ€™
    8 | [01;36m[K{[m[K
      | [01;36m[K^[m[K
[01m[K/home/student/ros2_ws/src/cylinder_detector/src/cylinderDetector.cpp:[m[K In constructor â€˜[01m[KcylinderDetector::cylinderDetector()[m[Kâ€™:
[01m[K/home/student/ros2_ws/src/cylinder_detector/src/cylinderDetector.cpp:13:9:[m[K [01;31m[Kerror: [m[Kâ€˜[01m[Ksubscription_[m[Kâ€™ was not declared in this scope; did you mean â€˜[01m[Krmw_subscription_t[m[Kâ€™?
   13 |         [01;31m[Ksubscription_[m[K = this->create_subscription<sensor_msgs::msg::LaserScan>(
      |         [01;31m[K^~~~~~~~~~~~~[m[K
      |         [32m[Krmw_subscription_t[m[K
[01m[K/home/student/ros2_ws/src/cylinder_detector/src/cylinderDetector.cpp:17:9:[m[K [01;31m[Kerror: [m[Kâ€˜[01m[Kpublisher_[m[Kâ€™ was not declared in this scope; did you mean â€˜[01m[Krmw_publisher_t[m[Kâ€™?
   17 |         [01;31m[Kpublisher_[m[K = this->create_publisher<geometry_msgs::msg::Point>("cylinder_position", 10);
      |         [01;31m[K^~~~~~~~~~[m[K
      |         [32m[Krmw_publisher_t[m[K
[01m[K/home/student/ros2_ws/src/cylinder_detector/src/cylinderDetector.cpp:20:9:[m[K [01;31m[Kerror: [m[Kâ€˜[01m[Kcylinder_diameter_[m[Kâ€™ was not declared in this scope
   20 |         [01;31m[Kcylinder_diameter_[m[K = 0.3; // 30 cm
      |         [01;31m[K^~~~~~~~~~~~~~~~~~[m[K
[01m[K/home/student/ros2_ws/src/cylinder_detector/src/cylinderDetector.cpp:[m[K In member function â€˜[01m[Kvoid cylinderDetector::scan_callback(sensor_msgs::msg::LaserScan_<std::allocator<void> >::SharedPtr)[m[Kâ€™:
[01m[K/home/student/ros2_ws/src/cylinder_detector/src/cylinderDetector.cpp:34:17:[m[K [01;31m[Kerror: [m[Kâ€˜[01m[Kis_part_of_cylinder[m[Kâ€™ was not declared in this scope
   34 |          if ([01;31m[Kis_part_of_cylinder[m[K(ranges[i - 1], ranges[i], ranges[i + 1], angle_increment))
      |              [01;31m[K^~~~~~~~~~~~~~~~~~~[m[K

[01m[K/home/student/ros2_ws/src/cylinder_detector/src/cylinderDetector.cpp:56:13:[m[K [01;31m[Kerror: [m[Kâ€˜[01m[Kpublisher_[m[Kâ€™ was not declared in this scope; did you mean â€˜[01m[Krmw_publisher_t[m[Kâ€™?
   56 |             [01;31m[Kpublisher_[m[K->publish(cylinder_position);
      |             [01;31m[K^~~~~~~~~~[m[K
      |             [32m[Krmw_publisher_t[m[K
[01m[K/home/student/ros2_ws/src/cylinder_detector/src/cylinderDetector.cpp:57:13:[m[K [01;31m[Kerror: [m[Kâ€˜[01m[KRCLCPP_INFO[m[Kâ€™ was not declared in this scope
   57 |             [01;31m[KRCLCPP_INFO[m[K(this->get_logger(), "Cylinder detected" at (%.2f, %.2f)",
      |             [01;31m[K^~~~~~~~~~~[m[K
[01m[K/home/student/ros2_ws/src/cylinder_detector/src/cylinderDetector.cpp:57:24:[m[K [01;31m[Kerror: [m[Kexpected â€˜[01m[K}[m[Kâ€™ at end of input
   57 |   RCLCPP_INFO[01;31m[K([m[Kthis->get_logger(), "Cylinder detected" at (%.2f, %.2f)",
      |              [01;31m[K^[m[K

[01m[K/home/student/ros2_ws/src/cylinder_detector/src/cylinderDetector.cpp:42:9:[m[K [01;36m[Knote: [m[Kto match this â€˜[01m[K{[m[Kâ€™
   42 |         [01;36m[K{[m[K
      |         [01;36m[K^[m[K
[01m[K/home/student/ros2_ws/src/cylinder_detector/src/cylinderDetector.cpp:57:24:[m[K [01;31m[Kerror: [m[Kexpected â€˜[01m[K}[m[Kâ€™ at end of input
   57 |   RCLCPP_INFO[01;31m[K([m[Kthis->get_logger(), "Cylinder detected" at (%.2f, %.2f)",
      |              [01;31m[K^[m[K

[01m[K/home/student/ros2_ws/src/cylinder_detector/src/cylinderDetector.cpp:25:5:[m[K [01;36m[Knote: [m[Kto match this â€˜[01m[K{[m[Kâ€™
   25 |     [01;36m[K{[m[K
      |     [01;36m[K^[m[K
[01m[K/home/student/ros2_ws/src/cylinder_detector/src/cylinderDetector.cpp:[m[K At global scope:
[01m[K/home/student/ros2_ws/src/cylinder_detector/src/cylinderDetector.cpp:57:24:[m[K [01;31m[Kerror: [m[Kexpected unqualified-id at end of input
   57 |   RCLCPP_INFO[01;31m[K([m[Kthis->get_logger(), "Cylinder detected" at (%.2f, %.2f)",
      |              [01;31m[K^[m[K

gmake[2]: *** [CMakeFiles/cylinderDetector.dir/build.make:76: CMakeFiles/cylinderDetector.dir/src/cylinderDetector.cpp.o] Error 1
gmake[1]: *** [CMakeFiles/Makefile2:137: CMakeFiles/cylinderDetector.dir/all] Error 2
gmake: *** [Makefile:146: all] Error 2
