[01m[K/home/student/ros2_ws/src/cylinder_detector/src/cylinderDetector.cpp:2:10:[m[K [01;31m[Kfatal error: [m[Kvisualization_msgs/msg/Marker.hpp: No such file or directory
    2 | #include [01;31m[K<visualization_msgs/msg/Marker.hpp>[m[K
      |          [01;31m[K^~~~~~~~~~~~~~~~~~~~~~~~~~~~~~~~~~~[m[K
compilation terminated.
gmake[2]: *** [CMakeFiles/cylinderDetector.dir/build.make:76: CMakeFiles/cylinderDetector.dir/src/cylinderDetector.cpp.o] Error 1
gmake[1]: *** [CMakeFiles/Makefile2:137: CMakeFiles/cylinderDetector.dir/all] Error 2
gmake: *** [Makefile:146: all] Error 2
