[0.017s] Invoking command in '/home/student/ros2_ws/build/turtlebot3_state_estimation': CMAKE_PREFIX_PATH=${CMAKE_PREFIX_PATH}:/home/student/ros2_ws/install/turtlebot3_teleop:/home/student/ros2_ws/install/turtlebot3_example:/opt/ros/humble /usr/bin/cmake --build /home/student/ros2_ws/build/turtlebot3_state_estimation -- -j8 -l8
[0.075s] -- Found ament_cmake: 1.3.9 (/opt/ros/humble/share/ament_cmake/cmake)
[0.352s] -- Found rclcpp: 16.0.9 (/opt/ros/humble/share/rclcpp/cmake)
[0.412s] -- Found rosidl_generator_c: 3.1.5 (/opt/ros/humble/share/rosidl_generator_c/cmake)
[0.417s] -- Found rosidl_adapter: 3.1.5 (/opt/ros/humble/share/rosidl_adapter/cmake)
[0.426s] -- Found rosidl_generator_cpp: 3.1.5 (/opt/ros/humble/share/rosidl_generator_cpp/cmake)
[0.450s] -- Using all available rosidl_typesupport_c: rosidl_typesupport_fastrtps_c;rosidl_typesupport_introspection_c
[0.502s] -- Using all available rosidl_typesupport_cpp: rosidl_typesupport_fastrtps_cpp;rosidl_typesupport_introspection_cpp
[0.621s] -- Found rmw_implementation_cmake: 6.1.2 (/opt/ros/humble/share/rmw_implementation_cmake/cmake)
[0.624s] -- Found rmw_fastrtps_cpp: 6.2.6 (/opt/ros/humble/share/rmw_fastrtps_cpp/cmake)
[1.001s] -- Using RMW implementation 'rmw_fastrtps_cpp' as default
[1.364s] -- Found geometry_msgs: 4.2.4 (/opt/ros/humble/share/geometry_msgs/cmake)
[1.477s] -- Found nav_msgs: 4.2.4 (/opt/ros/humble/share/nav_msgs/cmake)
[1.719s] -- Found tf2: 0.25.7 (/opt/ros/humble/share/tf2/cmake)
[1.744s] -- Found tf2_geometry_msgs: 0.25.7 (/opt/ros/humble/share/tf2_geometry_msgs/cmake)
[1.814s] -- Found eigen3_cmake_module: 0.1.1 (/opt/ros/humble/share/eigen3_cmake_module/cmake)
[1.816s] -- Found Eigen3: TRUE (found version "3.4.0") 
[1.816s] -- Ensuring Eigen3 include directory is part of orocos-kdl CMake target
[2.653s] -- Found ament_lint_auto: 0.12.11 (/opt/ros/humble/share/ament_lint_auto/cmake)
[2.842s] -- Added test 'cppcheck' to perform static code analysis on C / C++ code
[2.842s] -- Configured cppcheck include dirs: $<BUILD_INTERFACE:/home/student/ros2_ws/src/turtlebot3_state_estimation/include>
[2.843s] -- Configured cppcheck exclude dirs and/or files: 
[2.843s] -- Added test 'lint_cmake' to check CMake code style
[2.845s] -- Added test 'uncrustify' to check C / C++ code style
[2.845s] -- Configured uncrustify additional arguments: 
[2.845s] -- Added test 'xmllint' to check XML markup files
[2.847s] -- Configuring done
[2.877s] -- Generating done
[2.880s] -- Build files have been written to: /home/student/ros2_ws/build/turtlebot3_state_estimation
[2.994s] [35m[1mConsolidate compiler generated dependencies of target dead_reckoning[0m
[3.067s] [ 50%] [32mBuilding CXX object CMakeFiles/dead_reckoning.dir/src/dead_reckoning.cpp.o[0m
[3.582s] [01m[K/home/student/ros2_ws/src/turtlebot3_state_estimation/src/dead_reckoning.cpp:4:10:[m[K [01;31m[Kfatal error: [m[Ktf2/LinearMath/Quaternion.h: No such file or directory
[3.582s]     4 | #include [01;31m[K<tf2/LinearMath/Quaternion.h>[m[K
[3.582s]       |          [01;31m[K^~~~~~~~~~~~~~~~~~~~~~~~~~~~~[m[K
[3.583s] compilation terminated.
[3.585s] gmake[2]: *** [CMakeFiles/dead_reckoning.dir/build.make:76: CMakeFiles/dead_reckoning.dir/src/dead_reckoning.cpp.o] Error 1
[3.602s] gmake[1]: *** [CMakeFiles/Makefile2:137: CMakeFiles/dead_reckoning.dir/all] Error 2
[3.602s] gmake: *** [Makefile:146: all] Error 2
[3.603s] Invoked command in '/home/student/ros2_ws/build/turtlebot3_state_estimation' returned '2': CMAKE_PREFIX_PATH=${CMAKE_PREFIX_PATH}:/home/student/ros2_ws/install/turtlebot3_teleop:/home/student/ros2_ws/install/turtlebot3_example:/opt/ros/humble /usr/bin/cmake --build /home/student/ros2_ws/build/turtlebot3_state_estimation -- -j8 -l8
