[01m[K/home/student/ros2_ws/src/laser_processor_pkg/src/laser_processor.cpp:[m[K In constructor â€˜[01m[KLaserProcessor::LaserProcessor()[m[Kâ€™:
[01m[K/home/student/ros2_ws/src/laser_processor_pkg/src/laser_processor.cpp:10:37:[m[K [01;31m[Kerror: [m[Kâ€˜[01m[KLaserScanProcessor[m[Kâ€™ has not been declared
   10 |    "/scan", 10, std::bind(&[01;31m[KLaserScanProcessor[m[K::scanCallback, this, std::placeholders::_1));
      |                            [01;31m[K^~~~~~~~~~~~~~~~~~[m[K

gmake[2]: *** [CMakeFiles/laser_processor.dir/build.make:76: CMakeFiles/laser_processor.dir/src/laser_processor.cpp.o] Error 1
gmake[1]: *** [CMakeFiles/Makefile2:137: CMakeFiles/laser_processor.dir/all] Error 2
gmake: *** [Makefile:146: all] Error 2
