[0.017s] Invoking command in '/home/student/ros2_ws/build/laser_processor_pkg': CMAKE_PREFIX_PATH=${CMAKE_PREFIX_PATH}:/home/student/ros2_ws/install/turtlebot3_teleop:/home/student/ros2_ws/install/turtlebot3_example:/opt/ros/humble /usr/bin/cmake --build /home/student/ros2_ws/build/laser_processor_pkg -- -j8 -l8
[0.111s] [35m[1mConsolidate compiler generated dependencies of target laser_processor[0m
[0.154s] [ 50%] [32mBuilding CXX object CMakeFiles/laser_processor.dir/src/laser_processor.cpp.o[0m
[4.051s] [01m[K/home/student/ros2_ws/src/laser_processor_pkg/src/laser_processor.cpp:[m[K In constructor â€˜[01m[KLaserProcessor::LaserProcessor()[m[Kâ€™:
[4.051s] [01m[K/home/student/ros2_ws/src/laser_processor_pkg/src/laser_processor.cpp:10:37:[m[K [01;31m[Kerror: [m[Kâ€˜[01m[KLaserScanProcessor[m[Kâ€™ has not been declared
[4.052s]    10 |    "/scan", 10, std::bind(&[01;31m[KLaserScanProcessor[m[K::scanCallback, this, std::placeholders::_1));
[4.052s]       |                            [01;31m[K^~~~~~~~~~~~~~~~~~[m[K
[4.052s] 
[5.312s] gmake[2]: *** [CMakeFiles/laser_processor.dir/build.make:76: CMakeFiles/laser_processor.dir/src/laser_processor.cpp.o] Error 1
[5.312s] gmake[1]: *** [CMakeFiles/Makefile2:137: CMakeFiles/laser_processor.dir/all] Error 2
[5.312s] gmake: *** [Makefile:146: all] Error 2
[5.323s] Invoked command in '/home/student/ros2_ws/build/laser_processor_pkg' returned '2': CMAKE_PREFIX_PATH=${CMAKE_PREFIX_PATH}:/home/student/ros2_ws/install/turtlebot3_teleop:/home/student/ros2_ws/install/turtlebot3_example:/opt/ros/humble /usr/bin/cmake --build /home/student/ros2_ws/build/laser_processor_pkg -- -j8 -l8
