[0.031s] Invoking command in '/home/student/ros2_ws/build/cylinder_detector': CMAKE_PREFIX_PATH=${CMAKE_PREFIX_PATH}:/home/student/ros2_ws/install/turtlebot3_teleop:/home/student/ros2_ws/install/turtlebot3_example:/home/student/ros2_ws/install/rtabmap_python:/opt/ros/humble /usr/bin/cmake --build /home/student/ros2_ws/build/cylinder_detector -- -j8 -l8
[0.132s] [35m[1mConsolidate compiler generated dependencies of target cylinderDetector[0m
[0.169s] [ 50%] [32mBuilding CXX object CMakeFiles/cylinderDetector.dir/src/cylinderDetector.cpp.o[0m
[4.042s] [01m[K/home/student/ros2_ws/src/cylinder_detector/src/cylinderDetector.cpp:[m[K In member function â€˜[01m[Kvoid cylinderDetector::scan_callback(sensor_msgs::msg::LaserScan_<std::allocator<void> >::SharedPtr)[m[Kâ€™:
[4.042s] [01m[K/home/student/ros2_ws/src/cylinder_detector/src/cylinderDetector.cpp:34:36:[m[K [01;31m[Kerror: [m[Kno matching function for call to â€˜[01m[KcylinderDetector::is_part_of_cylinder(__gnu_cxx::__alloc_traits<std::allocator<float>, float>::value_type&, __gnu_cxx::__alloc_traits<std::allocator<float>, float>::value_type&, __gnu_cxx::__alloc_traits<std::allocator<float>, float>::value_type&, float&)[m[Kâ€™
[4.042s]    34 | [01;31m[Kt_of_cylinder(ranges[i - 1], ranges[i], ranges[i + 1], angle_increment)[m[K)
[4.042s]       | [01;31m[K~~~~~~~~~~~~~^~~~~~~~~~~~~~~~~~~~~~~~~~~~~~~~~~~~~~~~~~~~~~~~~~~~~~~~~~[m[K
[4.042s] 
[4.042s] [01m[K/home/student/ros2_ws/src/cylinder_detector/src/cylinderDetector.cpp:63:10:[m[K [01;36m[Knote: [m[Kcandidate: â€˜[01m[Kbool cylinderDetector::is_part_of_cylinder(float, float, float)[m[Kâ€™
[4.042s]    63 |     bool [01;36m[Kis_part_of_cylinder[m[K(float r1, float r2, float r3)
[4.043s]       |          [01;36m[K^~~~~~~~~~~~~~~~~~~[m[K
[4.049s] [01m[K/home/student/ros2_ws/src/cylinder_detector/src/cylinderDetector.cpp:63:10:[m[K [01;36m[Knote: [m[K  candidate expects 3 arguments, 4 provided
[8.229s] gmake[2]: *** [CMakeFiles/cylinderDetector.dir/build.make:76: CMakeFiles/cylinderDetector.dir/src/cylinderDetector.cpp.o] Error 1
[8.231s] gmake[1]: *** [CMakeFiles/Makefile2:137: CMakeFiles/cylinderDetector.dir/all] Error 2
[8.231s] gmake: *** [Makefile:146: all] Error 2
[8.236s] Invoked command in '/home/student/ros2_ws/build/cylinder_detector' returned '2': CMAKE_PREFIX_PATH=${CMAKE_PREFIX_PATH}:/home/student/ros2_ws/install/turtlebot3_teleop:/home/student/ros2_ws/install/turtlebot3_example:/home/student/ros2_ws/install/rtabmap_python:/opt/ros/humble /usr/bin/cmake --build /home/student/ros2_ws/build/cylinder_detector -- -j8 -l8
