[0.041s] Invoking command in '/home/student/ros2_ws/build/cylinder_detector': CMAKE_PREFIX_PATH=${CMAKE_PREFIX_PATH}:/home/student/ros2_ws/install/turtlebot3_teleop:/home/student/ros2_ws/install/turtlebot3_example:/home/student/ros2_ws/install/rtabmap_python:/opt/ros/humble /usr/bin/cmake /home/student/ros2_ws/src/cylinder_detector -DCMAKE_INSTALL_PREFIX=/home/student/ros2_ws/install/cylinder_detector
[0.871s] -- The C compiler identification is GNU 11.4.0
[1.377s] -- The CXX compiler identification is GNU 11.4.0
[1.405s] -- Detecting C compiler ABI info
[1.563s] -- Detecting C compiler ABI info - done
[1.571s] -- Check for working C compiler: /usr/bin/cc - skipped
[1.572s] -- Detecting C compile features
[1.576s] -- Detecting C compile features - done
[1.579s] -- Detecting CXX compiler ABI info
[1.701s] -- Detecting CXX compiler ABI info - done
[1.710s] -- Check for working CXX compiler: /usr/bin/c++ - skipped
[1.710s] -- Detecting CXX compile features
[1.710s] -- Detecting CXX compile features - done
[1.811s] -- Found ament_cmake: 1.3.9 (/opt/ros/humble/share/ament_cmake/cmake)
[2.098s] -- Found Python3: /usr/bin/python3 (found version "3.10.12") found components: Interpreter 
[2.428s] -- Found rclcpp: 16.0.9 (/opt/ros/humble/share/rclcpp/cmake)
[2.633s] -- Found rosidl_generator_c: 3.1.5 (/opt/ros/humble/share/rosidl_generator_c/cmake)
[2.655s] -- Found rosidl_adapter: 3.1.5 (/opt/ros/humble/share/rosidl_adapter/cmake)
[2.696s] -- Found rosidl_generator_cpp: 3.1.5 (/opt/ros/humble/share/rosidl_generator_cpp/cmake)
[2.762s] -- Using all available rosidl_typesupport_c: rosidl_typesupport_fastrtps_c;rosidl_typesupport_introspection_c
[2.851s] -- Using all available rosidl_typesupport_cpp: rosidl_typesupport_fastrtps_cpp;rosidl_typesupport_introspection_cpp
[3.042s] -- Found rmw_implementation_cmake: 6.1.2 (/opt/ros/humble/share/rmw_implementation_cmake/cmake)
[3.054s] -- Found rmw_fastrtps_cpp: 6.2.6 (/opt/ros/humble/share/rmw_fastrtps_cpp/cmake)
[3.292s] -- Found OpenSSL: /usr/lib/x86_64-linux-gnu/libcrypto.so (found version "3.0.2")  
[3.333s] -- Found FastRTPS: /opt/ros/humble/include  
[3.399s] -- Using RMW implementation 'rmw_fastrtps_cpp' as default
[3.452s] -- Looking for pthread.h
[3.580s] -- Looking for pthread.h - found
[3.581s] -- Performing Test CMAKE_HAVE_LIBC_PTHREAD
[3.683s] -- Performing Test CMAKE_HAVE_LIBC_PTHREAD - Success
[3.685s] -- Found Threads: TRUE  
[4.066s] -- Found visualization_msgs: 4.2.4 (/opt/ros/humble/share/visualization_msgs/cmake)
[4.495s] -- Found tf2: 0.25.7 (/opt/ros/humble/share/tf2/cmake)
[4.538s] -- Found tf2_ros: 0.25.7 (/opt/ros/humble/share/tf2_ros/cmake)
[5.244s] -- Found OpenCV: /usr (found version "4.5.4") 
[5.263s] -- Found ament_lint_auto: 0.12.11 (/opt/ros/humble/share/ament_lint_auto/cmake)
[5.461s] -- Added test 'cppcheck' to perform static code analysis on C / C++ code
[5.461s] -- Configured cppcheck include dirs: $<BUILD_INTERFACE:/home/student/ros2_ws/src/cylinder_detector/include>
[5.461s] -- Configured cppcheck exclude dirs and/or files: 
[5.466s] -- Added test 'lint_cmake' to check CMake code style
[5.472s] -- Added test 'uncrustify' to check C / C++ code style
[5.472s] -- Configured uncrustify additional arguments: 
[5.475s] -- Added test 'xmllint' to check XML markup files
[5.480s] -- Configuring done
[5.497s] -- Generating done
[5.499s] -- Build files have been written to: /home/student/ros2_ws/build/cylinder_detector
[5.514s] Invoked command in '/home/student/ros2_ws/build/cylinder_detector' returned '0': CMAKE_PREFIX_PATH=${CMAKE_PREFIX_PATH}:/home/student/ros2_ws/install/turtlebot3_teleop:/home/student/ros2_ws/install/turtlebot3_example:/home/student/ros2_ws/install/rtabmap_python:/opt/ros/humble /usr/bin/cmake /home/student/ros2_ws/src/cylinder_detector -DCMAKE_INSTALL_PREFIX=/home/student/ros2_ws/install/cylinder_detector
[5.517s] Invoking command in '/home/student/ros2_ws/build/cylinder_detector': CMAKE_PREFIX_PATH=${CMAKE_PREFIX_PATH}:/home/student/ros2_ws/install/turtlebot3_teleop:/home/student/ros2_ws/install/turtlebot3_example:/home/student/ros2_ws/install/rtabmap_python:/opt/ros/humble /usr/bin/cmake --build /home/student/ros2_ws/build/cylinder_detector -- -j8 -l8
[5.590s] [ 50%] [32mBuilding CXX object CMakeFiles/cylinderDetector.dir/src/cylinderDetector.cpp.o[0m
[5.662s] [01m[K/home/student/ros2_ws/src/cylinder_detector/src/cylinderDetector.cpp:1:10:[m[K [01;31m[Kfatal error: [m[Kros/ros.h: No such file or directory
[5.662s]     1 | #include [01;31m[K<ros/ros.h>[m[K
[5.662s]       |          [01;31m[K^~~~~~~~~~~[m[K
[5.662s] compilation terminated.
[5.663s] gmake[2]: *** [CMakeFiles/cylinderDetector.dir/build.make:76: CMakeFiles/cylinderDetector.dir/src/cylinderDetector.cpp.o] Error 1
[5.663s] gmake[1]: *** [CMakeFiles/Makefile2:137: CMakeFiles/cylinderDetector.dir/all] Error 2
[5.663s] gmake: *** [Makefile:146: all] Error 2
[5.666s] Invoked command in '/home/student/ros2_ws/build/cylinder_detector' returned '2': CMAKE_PREFIX_PATH=${CMAKE_PREFIX_PATH}:/home/student/ros2_ws/install/turtlebot3_teleop:/home/student/ros2_ws/install/turtlebot3_example:/home/student/ros2_ws/install/rtabmap_python:/opt/ros/humble /usr/bin/cmake --build /home/student/ros2_ws/build/cylinder_detector -- -j8 -l8
