[0.048s] Invoking command in '/home/student/ros2_ws/build/scan_matching_localiser': CMAKE_PREFIX_PATH=${CMAKE_PREFIX_PATH}:/home/student/ros2_ws/install/turtlebot3_teleop:/home/student/ros2_ws/install/turtlebot3_example:/opt/ros/humble /usr/bin/cmake --build /home/student/ros2_ws/build/scan_matching_localiser -- -j8 -l8
[0.146s] [35m[1mConsolidate compiler generated dependencies of target map_processor_node[0m
[0.187s] [ 50%] [32mBuilding CXX object CMakeFiles/map_processor_node.dir/src/map_processor_node.cpp.o[0m
[0.716s] In file included from [01m[K/home/student/ros2_ws/src/scan_matching_localiser/src/map_processor_node.cpp:9[m[K:
[0.716s] [01m[K/opt/ros/humble/include/tf2_geometry_msgs/tf2_geometry_msgs/tf2_geometry_msgs.h:35:2:[m[K [01;35m[Kwarning: [m[K#warning This header is obsolete, please include tf2_geometry_msgs/tf2_geometry_msgs.hpp instead [[01;35m[K]8;;https://gcc.gnu.org/onlinedocs/gcc/Warning-Options.html#index-Wcpp-Wcpp]8;;[m[K]
[0.717s]    35 | #[01;35m[Kwarning[m[K This header is obsolete, please include tf2_geometry_msgs/tf2_geometry_msgs.hpp instead
[0.717s]       |  [01;35m[K^~~~~~~[m[K
[5.205s] [01m[K/home/student/ros2_ws/src/scan_matching_localiser/src/map_processor_node.cpp:169:43:[m[K [01;31m[Kerror: [m[Kâ€˜[01m[KTwist[m[Kâ€™ is not a member of â€˜[01m[Kgeometry_msgs::msg[m[Kâ€™; did you mean â€˜[01m[KKDL::Twist[m[Kâ€™?
[5.205s]   169 | Publisher<geometry_msgs::msg::[01;31m[KTwist[m[K>::SharedPtr cmd_publisher_;
[5.205s]       |                               [01;31m[K^~~~~[m[K
[5.205s] 
[5.205s] In file included from [01m[K/opt/ros/humble/include/tf2_geometry_msgs/tf2_geometry_msgs/tf2_geometry_msgs.hpp:53[m[K,
[5.205s]                  from [01m[K/opt/ros/humble/include/tf2_geometry_msgs/tf2_geometry_msgs/tf2_geometry_msgs.h:37[m[K,
[5.206s]                  from [01m[K/home/student/ros2_ws/src/scan_matching_localiser/src/map_processor_node.cpp:9[m[K:
[5.206s] [01m[K/usr/include/kdl/frames.hpp:720:7:[m[K [01;36m[Knote: [m[Kâ€˜[01m[KKDL::Twist[m[Kâ€™ declared here
[5.206s]   720 | class [01;36m[KTwist[m[K {
[5.206s]       |       [01;36m[K^~~~~[m[K
[5.206s] [01m[K/home/student/ros2_ws/src/scan_matching_localiser/src/map_processor_node.cpp:169:48:[m[K [01;31m[Kerror: [m[Ktemplate argument 1 is invalid
[5.206s]   169 | sher<geometry_msgs::msg::Twist[01;31m[K>[m[K::SharedPtr cmd_publisher_;
[5.206s]       |                               [01;31m[K^[m[K
[5.206s] 
[5.214s] [01m[K/home/student/ros2_ws/src/scan_matching_localiser/src/map_processor_node.cpp:169:51:[m[K [01;31m[Kerror: [m[Kexpected â€˜[01m[K;[m[Kâ€™ at end of member declaration
[5.214s]   169 | r<geometry_msgs::msg::Twist>::[01;31m[KSharedPtr[m[K cmd_publisher_;
[5.214s]       |                               [01;31m[K^~~~~~~~~[m[K
[5.215s]       |                                        [32m[K;[m[K
[5.219s] [01m[K/home/student/ros2_ws/src/scan_matching_localiser/src/map_processor_node.cpp:169:61:[m[K [01;31m[Kerror: [m[Kâ€˜[01m[Kcmd_publisher_[m[Kâ€™ does not name a type; did you mean â€˜[01m[Krmw_publisher_t[m[Kâ€™?
[5.219s]   169 | _msgs::msg::Twist>::SharedPtr [01;31m[Kcmd_publisher_[m[K;
[5.219s]       |                               [01;31m[K^~~~~~~~~~~~~~[m[K
[5.220s]       |                               [32m[Krmw_publisher_t[m[K
[5.220s] [01m[K/home/student/ros2_ws/src/scan_matching_localiser/src/map_processor_node.cpp:[m[K In constructor â€˜[01m[KMapProcessorNode::MapProcessorNode()[m[Kâ€™:
[5.221s] [01m[K/home/student/ros2_ws/src/scan_matching_localiser/src/map_processor_node.cpp:15:59:[m[K [01;31m[Kerror: [m[Kclass â€˜[01m[KMapProcessorNode[m[Kâ€™ does not have any field named â€˜[01m[Krelative_orientaion_[m[Kâ€™
[5.221s]    15 | de"), angle_difference_(0.0), [01;31m[Krelative_orientaion_[m[K(0.0)
[5.221s]       |                               [01;31m[K^~~~~~~~~~~~~~~~~~~~[m[K
[5.221s] 
[5.249s] [01m[K/home/student/ros2_ws/src/scan_matching_localiser/src/map_processor_node.cpp:22:9:[m[K [01;31m[Kerror: [m[Kâ€˜[01m[Kcmd_publisher_[m[Kâ€™ was not declared in this scope; did you mean â€˜[01m[Krmw_publisher_t[m[Kâ€™?
[5.249s]    22 |         [01;31m[Kcmd_publisher_[m[K = this->create_publisher<geometry_msgs::msg::Twist>("/cmd_vel", 10);
[5.249s]       |         [01;31m[K^~~~~~~~~~~~~~[m[K
[5.249s]       |         [32m[Krmw_publisher_t[m[K
[5.250s] [01m[K/home/student/ros2_ws/src/scan_matching_localiser/src/map_processor_node.cpp:22:69:[m[K [01;31m[Kerror: [m[Kâ€˜[01m[KTwist[m[Kâ€™ is not a member of â€˜[01m[Kgeometry_msgs::msg[m[Kâ€™; did you mean â€˜[01m[KKDL::Twist[m[Kâ€™?
[5.250s]    22 | publisher<geometry_msgs::msg::[01;31m[KTwist[m[K>("/cmd_vel", 10);
[5.250s]       |                               [01;31m[K^~~~~[m[K
[5.250s] 
[5.251s] In file included from [01m[K/opt/ros/humble/include/tf2_geometry_msgs/tf2_geometry_msgs/tf2_geometry_msgs.hpp:53[m[K,
[5.251s]                  from [01m[K/opt/ros/humble/include/tf2_geometry_msgs/tf2_geometry_msgs/tf2_geometry_msgs.h:37[m[K,
[5.251s]                  from [01m[K/home/student/ros2_ws/src/scan_matching_localiser/src/map_processor_node.cpp:9[m[K:
[5.251s] [01m[K/usr/include/kdl/frames.hpp:720:7:[m[K [01;36m[Knote: [m[Kâ€˜[01m[KKDL::Twist[m[Kâ€™ declared here
[5.251s]   720 | class [01;36m[KTwist[m[K {
[5.251s]       |       [01;36m[K^~~~~[m[K
[5.251s] [01m[K/home/student/ros2_ws/src/scan_matching_localiser/src/map_processor_node.cpp:22:75:[m[K [01;31m[Kerror: [m[Kno matching function for call to â€˜[01m[KMapProcessorNode::create_publisher<<expression error> >(const char [9], int)[m[Kâ€™
[5.252s]    22 | [01;31m[Kher<geometry_msgs::msg::Twist>("/cmd_vel", 10)[m[K;
[5.252s]       | [01;31m[K~~~~~~~~~~~~~~~~~~~~~~~~~~~~~~^~~~~~~~~~~~~~~~[m[K
[5.252s] 
[5.252s] In file included from [01m[K/opt/ros/humble/include/rclcpp/rclcpp/executors/single_threaded_executor.hpp:28[m[K,
[5.252s]                  from [01m[K/opt/ros/humble/include/rclcpp/rclcpp/executors.hpp:22[m[K,
[5.252s]                  from [01m[K/opt/ros/humble/include/rclcpp/rclcpp/rclcpp.hpp:155[m[K,
[5.252s]                  from [01m[K/home/student/ros2_ws/src/scan_matching_localiser/src/map_processor_node.cpp:1[m[K:
[5.252s] [01m[K/opt/ros/humble/include/rclcpp/rclcpp/node.hpp:195:3:[m[K [01;36m[Knote: [m[Kcandidate: â€˜[01m[Ktemplate<class MessageT, class AllocatorT, class PublisherT> std::shared_ptr<PublisherT> rclcpp::Node::create_publisher(const string&, const rclcpp::QoS&, const rclcpp::PublisherOptionsWithAllocator<AllocatorT>&)[m[Kâ€™
[5.252s]   195 |   [01;36m[Kcreate_publisher[m[K(
[5.253s]       |   [01;36m[K^~~~~~~~~~~~~~~~[m[K
[5.253s] [01m[K/opt/ros/humble/include/rclcpp/rclcpp/node.hpp:195:3:[m[K [01;36m[Knote: [m[K  template argument deduction/substitution failed:
[5.253s] [01m[K/home/student/ros2_ws/src/scan_matching_localiser/src/map_processor_node.cpp:22:75:[m[K [01;31m[Kerror: [m[Ktemplate argument 1 is invalid
[5.253s]    22 | [01;31m[Kher<geometry_msgs::msg::Twist>("/cmd_vel", 10)[m[K;
[5.253s]       | [01;31m[K~~~~~~~~~~~~~~~~~~~~~~~~~~~~~~^~~~~~~~~~~~~~~~[m[K
[5.253s] 
[5.261s] [01m[K/home/student/ros2_ws/src/scan_matching_localiser/src/map_processor_node.cpp:[m[K In member function â€˜[01m[Kvoid MapProcessorNode::occupancyGridToImage(nav_msgs::msg::OccupancyGrid_<std::allocator<void> >::SharedPtr)[m[Kâ€™:
[5.261s] [01m[K/home/student/ros2_ws/src/scan_matching_localiser/src/map_processor_node.cpp:64:31:[m[K [01;35m[Kwarning: [m[Kcomparison of integer expressions of different signedness: â€˜[01m[Kint[m[Kâ€™ and â€˜[01m[Knav_msgs::msg::MapMetaData_<std::allocator<void> >::_height_type[m[Kâ€™ {aka â€˜[01m[Kunsigned int[m[Kâ€™} [[01;35m[K]8;;https://gcc.gnu.org/onlinedocs/gcc/Warning-Options.html#index-Wsign-compare-Wsign-compare]8;;[m[K]
[5.261s]    64 |         for (int row = 0; [01;35m[Krow < grid->info.height[m[K; ++row)
[5.261s]       |                           [01;35m[K~~~~^~~~~~~~~~~~~~~~~~~[m[K
[5.261s] [01m[K/home/student/ros2_ws/src/scan_matching_localiser/src/map_processor_node.cpp:66:35:[m[K [01;35m[Kwarning: [m[Kcomparison of integer expressions of different signedness: â€˜[01m[Kint[m[Kâ€™ and â€˜[01m[Knav_msgs::msg::MapMetaData_<std::allocator<void> >::_width_type[m[Kâ€™ {aka â€˜[01m[Kunsigned int[m[Kâ€™} [[01;35m[K]8;;https://gcc.gnu.org/onlinedocs/gcc/Warning-Options.html#index-Wsign-compare-Wsign-compare]8;;[m[K]
[5.261s]    66 |         for (int col = 0; [01;35m[Kcol < grid->info.width[m[K; ++col)
[5.261s]       |                           [01;35m[K~~~~^~~~~~~~~~~~~~~~~~[m[K
[5.261s] 
[5.281s] [01m[K/home/student/ros2_ws/src/scan_matching_localiser/src/map_processor_node.cpp:[m[K In member function â€˜[01m[Kvoid MapProcessorNode::detectAndMatchFeatures(const cv::Mat&, const cv::Mat&, std::vector<cv::Point_<float> >&, std::vector<cv::Point_<float> >&)[m[Kâ€™:
[5.281s] [01m[K/home/student/ros2_ws/src/scan_matching_localiser/src/map_processor_node.cpp:140:31:[m[K [01;31m[Kerror: [m[Kâ€˜[01m[Kimage_c[m[Kâ€™ was not declared in this scope; did you mean â€˜[01m[Kimgage_c[m[Kâ€™?
[5.281s]   140 |         orb->detectAndCompute([01;31m[Kimage_c[m[K, cv::noArray(), keypoints2, descriptors2);
[5.281s]       |                               [01;31m[K^~~~~~~[m[K
[5.281s]       |                               [32m[Kimgage_c[m[K
[5.285s] [01m[K/home/student/ros2_ws/src/scan_matching_localiser/src/map_processor_node.cpp:133:73:[m[K [01;35m[Kwarning: [m[Kunused parameter â€˜[01m[Kimgage_c[m[Kâ€™ [[01;35m[K]8;;https://gcc.gnu.org/onlinedocs/gcc/Warning-Options.html#index-Wunused-parameter-Wunused-parameter]8;;[m[K]
[5.285s]   133 | Mat& imgage_b, [01;35m[Kconst cv::Mat& imgage_c[m[K, std::vector<cv::Point2f>& src_points, std::vector<cv::Point2f>& dst_points)
[5.286s]       |                [01;35m[K~~~~~~~~~~~~~~~^~~~~~~~[m[K
[5.286s] 
[5.287s] [01m[K/home/student/ros2_ws/src/scan_matching_localiser/src/map_processor_node.cpp:[m[K In member function â€˜[01m[Kvoid MapProcessorNode::rotateRobot()[m[Kâ€™:
[5.287s] [01m[K/home/student/ros2_ws/src/scan_matching_localiser/src/map_processor_node.cpp:162:46:[m[K [01;31m[Kerror: [m[Kâ€˜[01m[KTwist[m[Kâ€™ is not a member of â€˜[01m[Kgeometry_msgs::msg[m[Kâ€™; did you mean â€˜[01m[KKDL::Twist[m[Kâ€™?
[5.288s]   162 |  twist_msg = geometry_msgs::msg::[01;31m[KTwist[m[K();
[5.288s]       |                                  [01;31m[K^~~~~[m[K
[5.288s] 
[5.288s] In file included from [01m[K/opt/ros/humble/include/tf2_geometry_msgs/tf2_geometry_msgs/tf2_geometry_msgs.hpp:53[m[K,
[5.288s]                  from [01m[K/opt/ros/humble/include/tf2_geometry_msgs/tf2_geometry_msgs/tf2_geometry_msgs.h:37[m[K,
[5.288s]                  from [01m[K/home/student/ros2_ws/src/scan_matching_localiser/src/map_processor_node.cpp:9[m[K:
[5.288s] [01m[K/usr/include/kdl/frames.hpp:720:7:[m[K [01;36m[Knote: [m[Kâ€˜[01m[KKDL::Twist[m[Kâ€™ declared here
[5.288s]   720 | class [01;36m[KTwist[m[K {
[5.289s]       |       [01;36m[K^~~~~[m[K
[5.299s] [01m[K/home/student/ros2_ws/src/scan_matching_localiser/src/map_processor_node.cpp:164:9:[m[K [01;31m[Kerror: [m[Kâ€˜[01m[Kcmd_publisher_[m[Kâ€™ was not declared in this scope; did you mean â€˜[01m[Krmw_publisher_t[m[Kâ€™?
[5.299s]   164 |         [01;31m[Kcmd_publisher_[m[K->publish(twist_msg);
[5.299s]       |         [01;31m[K^~~~~~~~~~~~~~[m[K
[5.299s]       |         [32m[Krmw_publisher_t[m[K
[5.323s] [01m[K/home/student/ros2_ws/src/scan_matching_localiser/src/map_processor_node.cpp:[m[K In function â€˜[01m[Kint main(int, char**)[m[Kâ€™:
[5.323s] [01m[K/home/student/ros2_ws/src/scan_matching_localiser/src/map_processor_node.cpp:178:35:[m[K [01;31m[Kerror: [m[Kâ€˜[01m[KScanMatchingLocaliserNode[m[Kâ€™ was not declared in this scope
[5.324s]   178 | rclcpp::spin(std::make_shared<[01;31m[KScanMatchingLocaliserNode[m[K>());
[5.324s]       |                               [01;31m[K^~~~~~~~~~~~~~~~~~~~~~~~~[m[K
[5.324s] 
[5.324s] [01m[K/home/student/ros2_ws/src/scan_matching_localiser/src/map_processor_node.cpp:178:61:[m[K [01;31m[Kerror: [m[Kno matching function for call to â€˜[01m[Kmake_shared<<expression error> >()[m[Kâ€™
[5.324s]   178 | [01;31m[Kake_shared<ScanMatchingLocaliserNode>()[m[K);
[5.324s]       | [01;31m[K~~~~~~~~~~~~~~~~~~~~~~~~~~~~~~~~~~~~~^~[m[K
[5.324s] 
[5.325s] In file included from [01m[K/usr/include/c++/11/memory:77[m[K,
[5.325s]                  from [01m[K/opt/ros/humble/include/rclcpp/rclcpp/rclcpp.hpp:153[m[K,
[5.325s]                  from [01m[K/home/student/ros2_ws/src/scan_matching_localiser/src/map_processor_node.cpp:1[m[K:
[5.325s] [01m[K/usr/include/c++/11/bits/shared_ptr.h:875:5:[m[K [01;36m[Knote: [m[Kcandidate: â€˜[01m[Ktemplate<class _Tp, class ... _Args> std::shared_ptr<_Tp> std::make_shared(_Args&& ...)[m[Kâ€™
[5.325s]   875 |     [01;36m[Kmake_shared[m[K(_Args&&... __args)
[5.325s]       |     [01;36m[K^~~~~~~~~~~[m[K
[5.325s] [01m[K/usr/include/c++/11/bits/shared_ptr.h:875:5:[m[K [01;36m[Knote: [m[K  template argument deduction/substitution failed:
[5.326s] [01m[K/home/student/ros2_ws/src/scan_matching_localiser/src/map_processor_node.cpp:178:61:[m[K [01;31m[Kerror: [m[Ktemplate argument 1 is invalid
[5.326s]   178 | [01;31m[Kake_shared<ScanMatchingLocaliserNode>()[m[K);
[5.326s]       | [01;31m[K~~~~~~~~~~~~~~~~~~~~~~~~~~~~~~~~~~~~~^~[m[K
[5.326s] 
[10.431s] gmake[2]: *** [CMakeFiles/map_processor_node.dir/build.make:76: CMakeFiles/map_processor_node.dir/src/map_processor_node.cpp.o] Error 1
[10.431s] gmake[1]: *** [CMakeFiles/Makefile2:137: CMakeFiles/map_processor_node.dir/all] Error 2
[10.432s] gmake: *** [Makefile:146: all] Error 2
[10.435s] Invoked command in '/home/student/ros2_ws/build/scan_matching_localiser' returned '2': CMAKE_PREFIX_PATH=${CMAKE_PREFIX_PATH}:/home/student/ros2_ws/install/turtlebot3_teleop:/home/student/ros2_ws/install/turtlebot3_example:/opt/ros/humble /usr/bin/cmake --build /home/student/ros2_ws/build/scan_matching_localiser -- -j8 -l8
