[0.033s] Invoking command in '/home/student/ros2_ws/build/laser_scan_nth_pkg': CMAKE_PREFIX_PATH=${CMAKE_PREFIX_PATH}:/home/student/ros2_ws/install/turtlebot3_teleop:/home/student/ros2_ws/install/turtlebot3_example:/opt/ros/humble /usr/bin/cmake --build /home/student/ros2_ws/build/laser_scan_nth_pkg -- -j8 -l8
[0.135s] [35m[1mConsolidate compiler generated dependencies of target laser_scan_nth[0m
[0.173s] [ 50%] [32mBuilding CXX object CMakeFiles/laser_scan_nth.dir/src/laser_scan_nth.cpp.o[0m
[4.375s] [01m[K/home/student/ros2_ws/src/laser_scan_nth_pkg/src/laser_scan_nth.cpp:[m[K In member function â€˜[01m[Kvoid LaserProcessor::scanCallback(sensor_msgs::msg::LaserScan_<std::allocator<void> >::SharedPtr)[m[Kâ€™:
[4.375s] [01m[K/home/student/ros2_ws/src/laser_scan_nth_pkg/src/laser_scan_nth.cpp:62:28:[m[K [01;31m[Kerror: [m[Kâ€˜[01m[Ksubset_scan_[m[Kâ€™ was not declared in this scope; did you mean â€˜[01m[Ksubset_scan[m[Kâ€™?
[4.375s]    62 |         scan_pub_->publish([01;31m[Ksubset_scan_[m[K);
[4.376s]       |                            [01;31m[K^~~~~~~~~~~~[m[K
[4.376s]       |                            [32m[Ksubset_scan[m[K
[8.710s] gmake[2]: *** [CMakeFiles/laser_scan_nth.dir/build.make:76: CMakeFiles/laser_scan_nth.dir/src/laser_scan_nth.cpp.o] Error 1
[8.710s] gmake[1]: *** [CMakeFiles/Makefile2:137: CMakeFiles/laser_scan_nth.dir/all] Error 2
[8.716s] gmake: *** [Makefile:146: all] Error 2
[8.722s] Invoked command in '/home/student/ros2_ws/build/laser_scan_nth_pkg' returned '2': CMAKE_PREFIX_PATH=${CMAKE_PREFIX_PATH}:/home/student/ros2_ws/install/turtlebot3_teleop:/home/student/ros2_ws/install/turtlebot3_example:/opt/ros/humble /usr/bin/cmake --build /home/student/ros2_ws/build/laser_scan_nth_pkg -- -j8 -l8
