[0.024s] Invoking command in '/home/student/ros2_ws/build/scan_matching_localiser': CMAKE_PREFIX_PATH=${CMAKE_PREFIX_PATH}:/home/student/ros2_ws/install/turtlebot3_teleop:/home/student/ros2_ws/install/turtlebot3_example:/opt/ros/humble /usr/bin/cmake --build /home/student/ros2_ws/build/scan_matching_localiser -- -j8 -l8
[0.122s] [35m[1mConsolidate compiler generated dependencies of target map_processor_node[0m
[0.161s] [ 50%] [32mBuilding CXX object CMakeFiles/map_processor_node.dir/src/map_processor_node.cpp.o[0m
[5.002s] [01m[K/home/student/ros2_ws/src/scan_matching_localiser/src/map_processor_node.cpp:[m[K In member function â€˜[01m[Kvoid MapProcessorNode::mapCallback(nav_msgs::msg::OccupancyGrid_<std::allocator<void> >::SharedPtr)[m[Kâ€™:
[5.003s] [01m[K/home/student/ros2_ws/src/scan_matching_localiser/src/map_processor_node.cpp:89:19:[m[K [01;31m[Kerror: [m[Kâ€˜[01m[Kresized_map_section[m[Kâ€™ was not declared in this scope
[5.003s]    89 |         cv::Canny([01;31m[Kresized_map_section[m[K, edge_img, 10, 50);  // Apply Canny edge detection
[5.003s]       |                   [01;31m[K^~~~~~~~~~~~~~~~~~~[m[K
[12.505s] gmake[2]: *** [CMakeFiles/map_processor_node.dir/build.make:76: CMakeFiles/map_processor_node.dir/src/map_processor_node.cpp.o] Error 1
[12.505s] gmake[1]: *** [CMakeFiles/Makefile2:137: CMakeFiles/map_processor_node.dir/all] Error 2
[12.505s] gmake: *** [Makefile:146: all] Error 2
[12.512s] Invoked command in '/home/student/ros2_ws/build/scan_matching_localiser' returned '2': CMAKE_PREFIX_PATH=${CMAKE_PREFIX_PATH}:/home/student/ros2_ws/install/turtlebot3_teleop:/home/student/ros2_ws/install/turtlebot3_example:/opt/ros/humble /usr/bin/cmake --build /home/student/ros2_ws/build/scan_matching_localiser -- -j8 -l8
