[35m[1mConsolidate compiler generated dependencies of target scan_to_image_node[0m
[ 25%] [32mBuilding CXX object CMakeFiles/mapProcessor_node.dir/src/mapProcessor_node.cpp.o[0m
[ 50%] [32mBuilding CXX object CMakeFiles/scan_to_image_node.dir/src/scan_to_image_node.cpp.o[0m
[01m[Kcc1plus:[m[K [01;31m[Kfatal error: [m[K/home/student/ros2_ws/src/scan_to_image_localizer/src/mapProcessor_node.cpp: No such file or directory
compilation terminated.
gmake[2]: *** [CMakeFiles/mapProcessor_node.dir/build.make:76: CMakeFiles/mapProcessor_node.dir/src/mapProcessor_node.cpp.o] Error 1
gmake[1]: *** [CMakeFiles/Makefile2:165: CMakeFiles/mapProcessor_node.dir/all] Error 2
gmake[1]: *** Waiting for unfinished jobs....
[ 75%] [32m[1mLinking CXX executable scan_to_image_node[0m
[ 75%] Built target scan_to_image_node
gmake: *** [Makefile:146: all] Error 2
