In file included from [01m[K/home/student/ros2_ws/src/scan_matching_localiser/src/map_processor_node.cpp:9[m[K:
[01m[K/opt/ros/humble/include/tf2_geometry_msgs/tf2_geometry_msgs/tf2_geometry_msgs.h:35:2:[m[K [01;35m[Kwarning: [m[K#warning This header is obsolete, please include tf2_geometry_msgs/tf2_geometry_msgs.hpp instead [[01;35m[K]8;;https://gcc.gnu.org/onlinedocs/gcc/Warning-Options.html#index-Wcpp-Wcpp]8;;[m[K]
   35 | #[01;35m[Kwarning[m[K This header is obsolete, please include tf2_geometry_msgs/tf2_geometry_msgs.hpp instead
      |  [01;35m[K^~~~~~~[m[K
[01m[K/home/student/ros2_ws/src/scan_matching_localiser/src/map_processor_node.cpp:[m[K In member function â€˜[01m[Kvoid MapProcessorNode::mapCallback(nav_msgs::msg::OccupancyGrid_<std::allocator<void> >::SharedPtr)[m[Kâ€™:
[01m[K/home/student/ros2_ws/src/scan_matching_localiser/src/map_processor_node.cpp:35:31:[m[K [01;31m[Kerror: [m[Kâ€˜[01m[Km_MapColImage[m[Kâ€™ was not declared in this scope; did you mean â€˜[01m[Km_MapBinImage[m[Kâ€™?
   35 |         cv::Mat map_section = [01;31m[Km_MapColImage[m[K.clone();
      |                               [01;31m[K^~~~~~~~~~~~~[m[K
      |                               [32m[Km_MapBinImage[m[K
[01m[K/home/student/ros2_ws/src/scan_matching_localiser/src/map_processor_node.cpp:[m[K In member function â€˜[01m[Kvoid MapProcessorNode::occupancyGridToImage(nav_msgs::msg::OccupancyGrid_<std::allocator<void> >::SharedPtr)[m[Kâ€™:
[01m[K/home/student/ros2_ws/src/scan_matching_localiser/src/map_processor_node.cpp:69:5:[m[K [01;31m[Kerror: [m[Kâ€˜[01m[Km_temp_img[m[Kâ€™ was not declared in this scope
   69 |     [01;31m[Km_temp_img[m[K = cv::Mat::zeros(grid->info.height, grid->info.width, CV_8UC1);
      |     [01;31m[K^~~~~~~~~~[m[K
[01m[K/home/student/ros2_ws/src/scan_matching_localiser/src/map_processor_node.cpp:79:36:[m[K [01;31m[Kerror: [m[Kexpected primary-expression before â€˜[01m[K>[m[Kâ€™ token
   79 |            m_temp_img.at<uchar[01;31m[K>[m[K(grid->info.height - row - 1, col) = val;
      |                               [01;31m[K^[m[K

[01m[K/home/student/ros2_ws/src/scan_matching_localiser/src/map_processor_node.cpp:79:62:[m[K [01;35m[Kwarning: [m[Kvalue computed is not used [[01;35m[K]8;;https://gcc.gnu.org/onlinedocs/gcc/Warning-Options.html#index-Wunused-value-Wunused-value]8;;[m[K]
   79 | char>([01;35m[Kgrid->info.height - row - 1[m[K, col) = val;
      |       [01;35m[K~~~~~~~~~~~~~~~~~~~~~~~~^~~[m[K

[01m[K/home/student/ros2_ws/src/scan_matching_localiser/src/map_processor_node.cpp:81:36:[m[K [01;31m[Kerror: [m[Kexpected primary-expression before â€˜[01m[K>[m[Kâ€™ token
   81 |            m_temp_img.at<uchar[01;31m[K>[m[K(grid->info.height - row - 1, col) = 0;
      |                               [01;31m[K^[m[K

[01m[K/home/student/ros2_ws/src/scan_matching_localiser/src/map_processor_node.cpp:81:62:[m[K [01;35m[Kwarning: [m[Kvalue computed is not used [[01;35m[K]8;;https://gcc.gnu.org/onlinedocs/gcc/Warning-Options.html#index-Wunused-value-Wunused-value]8;;[m[K]
   81 | char>([01;35m[Kgrid->info.height - row - 1[m[K, col) = 0;
      |       [01;35m[K~~~~~~~~~~~~~~~~~~~~~~~~^~~[m[K

[01m[K/home/student/ros2_ws/src/scan_matching_localiser/src/map_processor_node.cpp:87:5:[m[K [01;31m[Kerror: [m[Kâ€˜[01m[Korigin_x[m[Kâ€™ was not declared in this scope
   87 |     [01;31m[Korigin_x[m[K = grid->info.origin.position.x;
      |     [01;31m[K^~~~~~~~[m[K
[01m[K/home/student/ros2_ws/src/scan_matching_localiser/src/map_processor_node.cpp:88:5:[m[K [01;31m[Kerror: [m[Kâ€˜[01m[Korigin_y[m[Kâ€™ was not declared in this scope
   88 |     [01;31m[Korigin_y[m[K = grid->info.origin.position.y;
      |     [01;31m[K^~~~~~~~[m[K
[01m[K/home/student/ros2_ws/src/scan_matching_localiser/src/map_processor_node.cpp:89:5:[m[K [01;31m[Kerror: [m[Kâ€˜[01m[Ksize_x[m[Kâ€™ was not declared in this scope; did you mean â€˜[01m[Ksize_t[m[Kâ€™?
   89 |     [01;31m[Ksize_x[m[K = grid->info.width;
      |     [01;31m[K^~~~~~[m[K
      |     [32m[Ksize_t[m[K
[01m[K/home/student/ros2_ws/src/scan_matching_localiser/src/map_processor_node.cpp:90:5:[m[K [01;31m[Kerror: [m[Kâ€˜[01m[Ksize_y[m[Kâ€™ was not declared in this scope; did you mean â€˜[01m[Ksize_t[m[Kâ€™?
   90 |     [01;31m[Ksize_y[m[K = grid->info.height;
      |     [01;31m[K^~~~~~[m[K
      |     [32m[Ksize_t[m[K
[01m[K/home/student/ros2_ws/src/scan_matching_localiser/src/map_processor_node.cpp:97:5:[m[K [01;31m[Kerror: [m[Kâ€˜[01m[Km_MapColImage[m[Kâ€™ was not declared in this scope; did you mean â€˜[01m[Km_MapBinImage[m[Kâ€™?
   97 |     [01;31m[Km_MapColImage[m[K.create(m_MapBinImage.size(), CV_8UC3);
      |     [01;31m[K^~~~~~~~~~~~~[m[K
      |     [32m[Km_MapBinImage[m[K
gmake[2]: *** [CMakeFiles/map_processor_node.dir/build.make:76: CMakeFiles/map_processor_node.dir/src/map_processor_node.cpp.o] Error 1
gmake[1]: *** [CMakeFiles/Makefile2:137: CMakeFiles/map_processor_node.dir/all] Error 2
gmake: *** [Makefile:146: all] Error 2
