[0.015s] Invoking command in '/home/student/ros2_ws/build/scan_matching_localiser': CMAKE_PREFIX_PATH=${CMAKE_PREFIX_PATH}:/home/student/ros2_ws/install/turtlebot3_teleop:/home/student/ros2_ws/install/turtlebot3_example:/opt/ros/humble /usr/bin/cmake --build /home/student/ros2_ws/build/scan_matching_localiser -- -j8 -l8
[0.068s] [35m[1mConsolidate compiler generated dependencies of target map_processor_node[0m
[0.093s] [ 50%] [32mBuilding CXX object CMakeFiles/map_processor_node.dir/src/map_processor_node.cpp.o[0m
[3.218s] [01m[K/home/student/ros2_ws/src/scan_matching_localiser/src/map_processor_node.cpp:[m[K In member function â€˜[01m[Kvoid MapProcessorNode::timerCallback()[m[Kâ€™:
[3.218s] [01m[K/home/student/ros2_ws/src/scan_matching_localiser/src/map_processor_node.cpp:83:9:[m[K [01;31m[Kerror: [m[Kâ€˜[01m[KupdatePose[m[Kâ€™ was not declared in this scope
[3.218s]    83 |         [01;31m[KupdatePose[m[K(angle_change);
[3.218s]       |         [01;31m[K^~~~~~~~~~[m[K
[8.533s] gmake[2]: *** [CMakeFiles/map_processor_node.dir/build.make:76: CMakeFiles/map_processor_node.dir/src/map_processor_node.cpp.o] Error 1
[8.534s] gmake[1]: *** [CMakeFiles/Makefile2:137: CMakeFiles/map_processor_node.dir/all] Error 2
[8.534s] gmake: *** [Makefile:146: all] Error 2
[8.536s] Invoked command in '/home/student/ros2_ws/build/scan_matching_localiser' returned '2': CMAKE_PREFIX_PATH=${CMAKE_PREFIX_PATH}:/home/student/ros2_ws/install/turtlebot3_teleop:/home/student/ros2_ws/install/turtlebot3_example:/opt/ros/humble /usr/bin/cmake --build /home/student/ros2_ws/build/scan_matching_localiser -- -j8 -l8
