[01m[K/home/student/ros2_ws/src/cylinder_detector/src/cylinderDetector.cpp:[m[K In function â€˜[01m[Kint main(int, char**)[m[Kâ€™:
[01m[K/home/student/ros2_ws/src/cylinder_detector/src/cylinderDetector.cpp:82:35:[m[K [01;31m[Kerror: [m[Kâ€˜[01m[KylinderDetector[m[Kâ€™ was not declared in this scope; did you mean â€˜[01m[KcylinderDetector[m[Kâ€™?
   82 | :make_shared<[01;31m[KylinderDetector[m[K>());
      |              [01;31m[K^~~~~~~~~~~~~~~[m[K
      |              [32m[KcylinderDetector[m[K
[01m[K/home/student/ros2_ws/src/cylinder_detector/src/cylinderDetector.cpp:82:51:[m[K [01;31m[Kerror: [m[Kno matching function for call to â€˜[01m[Kmake_shared<<expression error> >()[m[Kâ€™
   82 | [01;31m[Kred<ylinderDetector>()[m[K);
      | [01;31m[K~~~~~~~~~~~~~~~~~~~~^~[m[K

In file included from [01m[K/usr/include/c++/11/memory:77[m[K,
                 from [01m[K/opt/ros/humble/include/rclcpp/rclcpp/rclcpp.hpp:153[m[K,
                 from [01m[K/home/student/ros2_ws/src/cylinder_detector/src/cylinderDetector.cpp:1[m[K:
[01m[K/usr/include/c++/11/bits/shared_ptr.h:875:5:[m[K [01;36m[Knote: [m[Kcandidate: â€˜[01m[Ktemplate<class _Tp, class ... _Args> std::shared_ptr<_Tp> std::make_shared(_Args&& ...)[m[Kâ€™
  875 |     [01;36m[Kmake_shared[m[K(_Args&&... __args)
      |     [01;36m[K^~~~~~~~~~~[m[K
[01m[K/usr/include/c++/11/bits/shared_ptr.h:875:5:[m[K [01;36m[Knote: [m[K  template argument deduction/substitution failed:
[01m[K/home/student/ros2_ws/src/cylinder_detector/src/cylinderDetector.cpp:82:51:[m[K [01;31m[Kerror: [m[Ktemplate argument 1 is invalid
   82 | [01;31m[Kred<ylinderDetector>()[m[K);
      | [01;31m[K~~~~~~~~~~~~~~~~~~~~^~[m[K

gmake[2]: *** [CMakeFiles/cylinderDetector.dir/build.make:76: CMakeFiles/cylinderDetector.dir/src/cylinderDetector.cpp.o] Error 1
gmake[1]: *** [CMakeFiles/Makefile2:137: CMakeFiles/cylinderDetector.dir/all] Error 2
gmake: *** [Makefile:146: all] Error 2
