[0.018s] Invoking command in '/home/student/ros2_ws/build/cylinder_detector': CMAKE_PREFIX_PATH=${CMAKE_PREFIX_PATH}:/home/student/ros2_ws/install/turtlebot3_teleop:/home/student/ros2_ws/install/turtlebot3_example:/home/student/ros2_ws/install/rtabmap_python:/opt/ros/humble /usr/bin/cmake --build /home/student/ros2_ws/build/cylinder_detector -- -j8 -l8
[0.079s] [35m[1mConsolidate compiler generated dependencies of target cylinderDetector[0m
[0.105s] [ 50%] [32mBuilding CXX object CMakeFiles/cylinderDetector.dir/src/cylinderDetector.cpp.o[0m
[2.493s] [01m[K/home/student/ros2_ws/src/cylinder_detector/src/cylinderDetector.cpp:[m[K In function â€˜[01m[Kint main(int, char**)[m[Kâ€™:
[2.493s] [01m[K/home/student/ros2_ws/src/cylinder_detector/src/cylinderDetector.cpp:82:35:[m[K [01;31m[Kerror: [m[Kâ€˜[01m[KylinderDetector[m[Kâ€™ was not declared in this scope; did you mean â€˜[01m[KcylinderDetector[m[Kâ€™?
[2.493s]    82 | :make_shared<[01;31m[KylinderDetector[m[K>());
[2.493s]       |              [01;31m[K^~~~~~~~~~~~~~~[m[K
[2.494s]       |              [32m[KcylinderDetector[m[K
[2.494s] [01m[K/home/student/ros2_ws/src/cylinder_detector/src/cylinderDetector.cpp:82:51:[m[K [01;31m[Kerror: [m[Kno matching function for call to â€˜[01m[Kmake_shared<<expression error> >()[m[Kâ€™
[2.494s]    82 | [01;31m[Kred<ylinderDetector>()[m[K);
[2.494s]       | [01;31m[K~~~~~~~~~~~~~~~~~~~~^~[m[K
[2.494s] 
[2.494s] In file included from [01m[K/usr/include/c++/11/memory:77[m[K,
[2.494s]                  from [01m[K/opt/ros/humble/include/rclcpp/rclcpp/rclcpp.hpp:153[m[K,
[2.494s]                  from [01m[K/home/student/ros2_ws/src/cylinder_detector/src/cylinderDetector.cpp:1[m[K:
[2.494s] [01m[K/usr/include/c++/11/bits/shared_ptr.h:875:5:[m[K [01;36m[Knote: [m[Kcandidate: â€˜[01m[Ktemplate<class _Tp, class ... _Args> std::shared_ptr<_Tp> std::make_shared(_Args&& ...)[m[Kâ€™
[2.494s]   875 |     [01;36m[Kmake_shared[m[K(_Args&&... __args)
[2.494s]       |     [01;36m[K^~~~~~~~~~~[m[K
[2.494s] [01m[K/usr/include/c++/11/bits/shared_ptr.h:875:5:[m[K [01;36m[Knote: [m[K  template argument deduction/substitution failed:
[2.495s] [01m[K/home/student/ros2_ws/src/cylinder_detector/src/cylinderDetector.cpp:82:51:[m[K [01;31m[Kerror: [m[Ktemplate argument 1 is invalid
[2.495s]    82 | [01;31m[Kred<ylinderDetector>()[m[K);
[2.495s]       | [01;31m[K~~~~~~~~~~~~~~~~~~~~^~[m[K
[2.495s] 
[4.755s] gmake[2]: *** [CMakeFiles/cylinderDetector.dir/build.make:76: CMakeFiles/cylinderDetector.dir/src/cylinderDetector.cpp.o] Error 1
[4.755s] gmake[1]: *** [CMakeFiles/Makefile2:137: CMakeFiles/cylinderDetector.dir/all] Error 2
[4.756s] gmake: *** [Makefile:146: all] Error 2
[4.759s] Invoked command in '/home/student/ros2_ws/build/cylinder_detector' returned '2': CMAKE_PREFIX_PATH=${CMAKE_PREFIX_PATH}:/home/student/ros2_ws/install/turtlebot3_teleop:/home/student/ros2_ws/install/turtlebot3_example:/home/student/ros2_ws/install/rtabmap_python:/opt/ros/humble /usr/bin/cmake --build /home/student/ros2_ws/build/cylinder_detector -- -j8 -l8
