[01m[K/home/student/ros2_ws/src/cylinder_detector/src/cylinderDetector.cpp:11:5:[m[K [01;31m[Kerror: [m[Kâ€˜[01m[Kros[m[Kâ€™ does not name a type
   11 |     [01;31m[Kros[m[K::NodeHandle nh_;
      |     [01;31m[K^~~[m[K
[01m[K/home/student/ros2_ws/src/cylinder_detector/src/cylinderDetector.cpp:12:5:[m[K [01;31m[Kerror: [m[Kâ€˜[01m[Kros[m[Kâ€™ does not name a type
   12 |     [01;31m[Kros[m[K::Subscriber laser_sub_;
      |     [01;31m[K^~~[m[K
[01m[K/home/student/ros2_ws/src/cylinder_detector/src/cylinderDetector.cpp:13:5:[m[K [01;31m[Kerror: [m[Kâ€˜[01m[Kros[m[Kâ€™ does not name a type
   13 |     [01;31m[Kros[m[K::Publisher marker_pub_;
      |     [01;31m[K^~~[m[K
[01m[K/home/student/ros2_ws/src/cylinder_detector/src/cylinderDetector.cpp:14:14:[m[K [01;31m[Kerror: [m[Kâ€˜[01m[KBuffer[m[Kâ€™ in namespace â€˜[01m[Ktf2_ros[m[Kâ€™ does not name a type
   14 |     tf2_ros::[01;31m[KBuffer[m[K tf_buffer_;
      |              [01;31m[K^~~~~~[m[K
[01m[K/home/student/ros2_ws/src/cylinder_detector/src/cylinderDetector.cpp:26:43:[m[K [01;31m[Kerror: [m[Kâ€˜[01m[KLaserScan[m[Kâ€™ in namespace â€˜[01m[Ksensor_msgs[m[Kâ€™ does not name a type
   26 |     void laserCallback(const sensor_msgs::[01;31m[KLaserScan[m[K::ConstPtr& scan) {
      |                                           [01;31m[K^~~~~~~~~[m[K
[01m[K/home/student/ros2_ws/src/cylinder_detector/src/cylinderDetector.cpp:26:62:[m[K [01;31m[Kerror: [m[Kexpected unqualified-id before â€˜[01m[K&[m[Kâ€™ token
   26 |     void laserCallback(const sensor_msgs::LaserScan::ConstPtr[01;31m[K&[m[K scan) {
      |                                                              [01;31m[K^[m[K
[01m[K/home/student/ros2_ws/src/cylinder_detector/src/cylinderDetector.cpp:26:62:[m[K [01;31m[Kerror: [m[Kexpected â€˜[01m[K)[m[Kâ€™ before â€˜[01m[K&[m[Kâ€™ token
   26 |     void laserCallback[34m[K([m[Kconst sensor_msgs::LaserScan::ConstPtr[01;31m[K&[m[K scan) {
      |                       [34m[K~[m[K                                      [01;31m[K^[m[K
      |                                                              [32m[K)[m[K
[01m[K/home/student/ros2_ws/src/cylinder_detector/src/cylinderDetector.cpp:26:62:[m[K [01;31m[Kerror: [m[Kexpected â€˜[01m[K;[m[Kâ€™ at end of member declaration
   26 |     void laserCallback(const sensor_msgs::LaserScan::ConstPtr[01;31m[K&[m[K scan) {
      |                                                              [01;31m[K^[m[K
      |                                                               [32m[K;[m[K
[01m[K/home/student/ros2_ws/src/cylinder_detector/src/cylinderDetector.cpp:26:64:[m[K [01;31m[Kerror: [m[Kâ€˜[01m[Kscan[m[Kâ€™ does not name a type
   26 |     void laserCallback(const sensor_msgs::LaserScan::ConstPtr& [01;31m[Kscan[m[K) {
      |                                                                [01;31m[K^~~~[m[K
[01m[K/home/student/ros2_ws/src/cylinder_detector/src/cylinderDetector.cpp:[m[K In constructor â€˜[01m[KcylinderDetector::cylinderDetector()[m[Kâ€™:
[01m[K/home/student/ros2_ws/src/cylinder_detector/src/cylinderDetector.cpp:21:39:[m[K [01;31m[Kerror: [m[Kâ€˜[01m[Ktf_buffer_[m[Kâ€™ was not declared in this scope
   21 |     cylinderDetector() : tf_listener_([01;31m[Ktf_buffer_[m[K) {
      |                                       [01;31m[K^~~~~~~~~~[m[K
[01m[K/home/student/ros2_ws/src/cylinder_detector/src/cylinderDetector.cpp:22:9:[m[K [01;31m[Kerror: [m[Kâ€˜[01m[Klaser_sub_[m[Kâ€™ was not declared in this scope
   22 |         [01;31m[Klaser_sub_[m[K = nh_.subscribe("/scan", 1, &cylinderDetector::laserCallback, this);
      |         [01;31m[K^~~~~~~~~~[m[K
[01m[K/home/student/ros2_ws/src/cylinder_detector/src/cylinderDetector.cpp:22:22:[m[K [01;31m[Kerror: [m[Kâ€˜[01m[Knh_[m[Kâ€™ was not declared in this scope
   22 |         laser_sub_ = [01;31m[Knh_[m[K.subscribe("/scan", 1, &cylinderDetector::laserCallback, this);
      |                      [01;31m[K^~~[m[K
[01m[K/home/student/ros2_ws/src/cylinder_detector/src/cylinderDetector.cpp:23:9:[m[K [01;31m[Kerror: [m[Kâ€˜[01m[Kmarker_pub_[m[Kâ€™ was not declared in this scope
   23 |         [01;31m[Kmarker_pub_[m[K = nh_.advertise<visualization_msgs::Marker>("/cylinder_marker", 1);
      |         [01;31m[K^~~~~~~~~~~[m[K
[01m[K/home/student/ros2_ws/src/cylinder_detector/src/cylinderDetector.cpp:23:57:[m[K [01;31m[Kerror: [m[Kâ€˜[01m[KMarker[m[Kâ€™ is not a member of â€˜[01m[Kvisualization_msgs[m[Kâ€™; did you mean â€˜[01m[Kvisualization_msgs::msg::Marker[m[Kâ€™?
   23 |         marker_pub_ = nh_.advertise<visualization_msgs::[01;31m[KMarker[m[K>("/cylinder_marker", 1);
      |                                                         [01;31m[K^~~~~~[m[K
In file included from [01m[K/opt/ros/humble/include/visualization_msgs/visualization_msgs/msg/marker.hpp:7[m[K,
                 from [01m[K/home/student/ros2_ws/src/cylinder_detector/src/cylinderDetector.cpp:2[m[K:
[01m[K/opt/ros/humble/include/visualization_msgs/visualization_msgs/msg/detail/marker__struct.hpp:435:7:[m[K [01;36m[Knote: [m[Kâ€˜[01m[Kvisualization_msgs::msg::Marker[m[Kâ€™ declared here
  435 | using [01;36m[KMarker[m[K =
      |       [01;36m[K^~~~~~[m[K
[01m[K/home/student/ros2_ws/src/cylinder_detector/src/cylinderDetector.cpp:23:65:[m[K [01;35m[Kwarning: [m[Kleft operand of comma operator has no effect [[01;35m[K]8;;https://gcc.gnu.org/onlinedocs/gcc/Warning-Options.html#index-Wunused-value-Wunused-value]8;;[m[K]
   23 |     marker_pub_ = nh_.advertise<visualization_msgs::Marker>([01;35m[K"/cylinder_marker"[m[K, 1);
      |                                                             [01;35m[K^~~~~~~~~~~~~~~~~~[m[K

[01m[K/home/student/ros2_ws/src/cylinder_detector/src/cylinderDetector.cpp:[m[K In function â€˜[01m[Kint main(int, char**)[m[Kâ€™:
[01m[K/home/student/ros2_ws/src/cylinder_detector/src/cylinderDetector.cpp:95:5:[m[K [01;31m[Kerror: [m[Kâ€˜[01m[Kros[m[Kâ€™ has not been declared
   95 |     [01;31m[Kros[m[K::init(argc, argv, "cylinder_detector");
      |     [01;31m[K^~~[m[K
[01m[K/home/student/ros2_ws/src/cylinder_detector/src/cylinderDetector.cpp:97:5:[m[K [01;31m[Kerror: [m[Kâ€˜[01m[Kros[m[Kâ€™ has not been declared
   97 |     [01;31m[Kros[m[K::spin();
      |     [01;31m[K^~~[m[K
gmake[2]: *** [CMakeFiles/cylinderDetector.dir/build.make:76: CMakeFiles/cylinderDetector.dir/src/cylinderDetector.cpp.o] Error 1
gmake[1]: *** [CMakeFiles/Makefile2:137: CMakeFiles/cylinderDetector.dir/all] Error 2
gmake: *** [Makefile:146: all] Error 2
