[0.011s] Invoking command in '/home/student/ros2_ws/build/laser_processor_pkg': CMAKE_PREFIX_PATH=${CMAKE_PREFIX_PATH}:/home/student/ros2_ws/install/turtlebot3_teleop:/home/student/ros2_ws/install/turtlebot3_example:/opt/ros/humble /usr/bin/cmake --build /home/student/ros2_ws/build/laser_processor_pkg -- -j8 -l8
[0.103s] [35m[1mConsolidate compiler generated dependencies of target laser_processor[0m
[0.147s] [ 50%] [32mBuilding CXX object CMakeFiles/laser_processor.dir/src/laser_processor.cpp.o[0m
[3.977s] [01m[K/home/student/ros2_ws/src/laser_processor_pkg/src/laser_processor.cpp:[m[K In constructor â€˜[01m[KLaserProcessor::LaserProcessor()[m[Kâ€™:
[3.978s] [01m[K/home/student/ros2_ws/src/laser_processor_pkg/src/laser_processor.cpp:10:37:[m[K [01;31m[Kerror: [m[Kâ€˜[01m[KLaserScanProcessor[m[Kâ€™ has not been declared
[3.978s]    10 |    "/scan", 10, std::bind(&[01;31m[KLaserScanProcessor[m[K::scanCallback, this, std::placeholders::_1));
[3.978s]       |                            [01;31m[K^~~~~~~~~~~~~~~~~~[m[K
[3.978s] 
[4.002s] [01m[K/home/student/ros2_ws/src/laser_processor_pkg/src/laser_processor.cpp:[m[K In function â€˜[01m[Kint main(int, char**)[m[Kâ€™:
[4.003s] [01m[K/home/student/ros2_ws/src/laser_processor_pkg/src/laser_processor.cpp:61:35:[m[K [01;31m[Kerror: [m[Kâ€˜[01m[KLaserScanProcessor[m[Kâ€™ was not declared in this scope; did you mean â€˜[01m[KLaserProcessor[m[Kâ€™?
[4.003s]    61 | cpp::spin(std::make_shared<[01;31m[KLaserScanProcessor[m[K>());
[4.003s]       |                            [01;31m[K^~~~~~~~~~~~~~~~~~[m[K
[4.003s]       |                            [32m[KLaserProcessor[m[K
[4.003s] [01m[K/home/student/ros2_ws/src/laser_processor_pkg/src/laser_processor.cpp:61:54:[m[K [01;31m[Kerror: [m[Kno matching function for call to â€˜[01m[Kmake_shared<<expression error> >()[m[Kâ€™
[4.003s]    61 | [01;31m[Kd::make_shared<LaserScanProcessor>()[m[K);
[4.003s]       | [01;31m[K~~~~~~~~~~~~~~~~~~~~~~~~~~~~~~~~~~^~[m[K
[4.004s] 
[4.004s] In file included from [01m[K/usr/include/c++/11/memory:77[m[K,
[4.004s]                  from [01m[K/opt/ros/humble/include/rclcpp/rclcpp/rclcpp.hpp:153[m[K,
[4.004s]                  from [01m[K/home/student/ros2_ws/src/laser_processor_pkg/src/laser_processor.cpp:1[m[K:
[4.004s] [01m[K/usr/include/c++/11/bits/shared_ptr.h:875:5:[m[K [01;36m[Knote: [m[Kcandidate: â€˜[01m[Ktemplate<class _Tp, class ... _Args> std::shared_ptr<_Tp> std::make_shared(_Args&& ...)[m[Kâ€™
[4.004s]   875 |     [01;36m[Kmake_shared[m[K(_Args&&... __args)
[4.004s]       |     [01;36m[K^~~~~~~~~~~[m[K
[4.004s] [01m[K/usr/include/c++/11/bits/shared_ptr.h:875:5:[m[K [01;36m[Knote: [m[K  template argument deduction/substitution failed:
[4.004s] [01m[K/home/student/ros2_ws/src/laser_processor_pkg/src/laser_processor.cpp:61:54:[m[K [01;31m[Kerror: [m[Ktemplate argument 1 is invalid
[4.004s]    61 | [01;31m[Kd::make_shared<LaserScanProcessor>()[m[K);
[4.005s]       | [01;31m[K~~~~~~~~~~~~~~~~~~~~~~~~~~~~~~~~~~^~[m[K
[4.005s] 
[5.251s] gmake[2]: *** [CMakeFiles/laser_processor.dir/build.make:76: CMakeFiles/laser_processor.dir/src/laser_processor.cpp.o] Error 1
[5.252s] gmake[1]: *** [CMakeFiles/Makefile2:137: CMakeFiles/laser_processor.dir/all] Error 2
[5.252s] gmake: *** [Makefile:146: all] Error 2
[5.256s] Invoked command in '/home/student/ros2_ws/build/laser_processor_pkg' returned '2': CMAKE_PREFIX_PATH=${CMAKE_PREFIX_PATH}:/home/student/ros2_ws/install/turtlebot3_teleop:/home/student/ros2_ws/install/turtlebot3_example:/opt/ros/humble /usr/bin/cmake --build /home/student/ros2_ws/build/laser_processor_pkg -- -j8 -l8
