[01m[K/home/student/ros2_ws/src/cylinder_detector/src/cylinderDetector.cpp:1:10:[m[K [01;31m[Kfatal error: [m[Ksensor_msgs/LaserScan.h: No such file or directory
    1 | #include [01;31m[K<sensor_msgs/LaserScan.h>[m[K
      |          [01;31m[K^~~~~~~~~~~~~~~~~~~~~~~~~[m[K
compilation terminated.
gmake[2]: *** [CMakeFiles/cylinderDetector.dir/build.make:76: CMakeFiles/cylinderDetector.dir/src/cylinderDetector.cpp.o] Error 1
gmake[1]: *** [CMakeFiles/Makefile2:137: CMakeFiles/cylinderDetector.dir/all] Error 2
gmake: *** [Makefile:146: all] Error 2
