-- Found ament_cmake: 1.3.9 (/opt/ros/humble/share/ament_cmake/cmake)
-- Found rclcpp: 16.0.9 (/opt/ros/humble/share/rclcpp/cmake)
-- Found rosidl_generator_c: 3.1.5 (/opt/ros/humble/share/rosidl_generator_c/cmake)
-- Found rosidl_adapter: 3.1.5 (/opt/ros/humble/share/rosidl_adapter/cmake)
-- Found rosidl_generator_cpp: 3.1.5 (/opt/ros/humble/share/rosidl_generator_cpp/cmake)
-- Using all available rosidl_typesupport_c: rosidl_typesupport_fastrtps_c;rosidl_typesupport_introspection_c
-- Using all available rosidl_typesupport_cpp: rosidl_typesupport_fastrtps_cpp;rosidl_typesupport_introspection_cpp
-- Found rmw_implementation_cmake: 6.1.2 (/opt/ros/humble/share/rmw_implementation_cmake/cmake)
-- Found rmw_fastrtps_cpp: 6.2.6 (/opt/ros/humble/share/rmw_fastrtps_cpp/cmake)
-- Using RMW implementation 'rmw_fastrtps_cpp' as default
-- Found sensor_msgs: 4.2.4 (/opt/ros/humble/share/sensor_msgs/cmake)
-- Found ament_lint_auto: 0.12.11 (/opt/ros/humble/share/ament_lint_auto/cmake)
-- Added test 'cppcheck' to perform static code analysis on C / C++ code
-- Configured cppcheck include dirs: $<BUILD_INTERFACE:/home/student/ros2_ws/src/laser_scan_nth_pkg/include>
-- Configured cppcheck exclude dirs and/or files: 
-- Added test 'lint_cmake' to check CMake code style
-- Added test 'uncrustify' to check C / C++ code style
-- Configured uncrustify additional arguments: 
-- Added test 'xmllint' to check XML markup files
-- Configuring done
-- Generating done
-- Build files have been written to: /home/student/ros2_ws/build/laser_scan_nth_pkg
[35m[1mConsolidate compiler generated dependencies of target laser_scan_nth[0m
[ 50%] [32mBuilding CXX object CMakeFiles/laser_scan_nth.dir/src/laser_scan_nth.cpp.o[0m
[01m[K/home/student/ros2_ws/src/laser_scan_nth_pkg/src/laser_scan_nth.cpp:[m[K In member function â€˜[01m[Kvoid LaserProcessor::scanCallback(sensor_msgs::msg::LaserScan_<std::allocator<void> >::SharedPtr)[m[Kâ€™:
[01m[K/home/student/ros2_ws/src/laser_scan_nth_pkg/src/laser_scan_nth.cpp:21:7:[m[K [01;31m[Kerror: [m[Kâ€˜[01m[Ksubset_scan[m[Kâ€™ was not declared in this scope
   21 |       [01;31m[Ksubset_scan[m[K->angle_min = scan->angle_min;
      |       [01;31m[K^~~~~~~~~~~[m[K
[01m[K/home/student/ros2_ws/src/laser_scan_nth_pkg/src/laser_scan_nth.cpp:60:29:[m[K [01;31m[Kerror: [m[Kâ€˜[01m[Ksubset_scan_[m[Kâ€™ was not declared in this scope; did you mean â€˜[01m[Ksubset_size[m[Kâ€™?
   60 |        scan_pub_->publish(*[01;31m[Ksubset_scan_[m[K);
      |                            [01;31m[K^~~~~~~~~~~~[m[K
      |                            [32m[Ksubset_size[m[K
gmake[2]: *** [CMakeFiles/laser_scan_nth.dir/build.make:76: CMakeFiles/laser_scan_nth.dir/src/laser_scan_nth.cpp.o] Error 1
gmake[1]: *** [CMakeFiles/Makefile2:137: CMakeFiles/laser_scan_nth.dir/all] Error 2
gmake: *** [Makefile:146: all] Error 2
