[0.040s] Invoking command in '/home/student/ros2_ws/build/laser_scan_nth_pkg': CMAKE_PREFIX_PATH=${CMAKE_PREFIX_PATH}:/home/student/ros2_ws/install/turtlebot3_teleop:/home/student/ros2_ws/install/turtlebot3_example:/opt/ros/humble /usr/bin/cmake --build /home/student/ros2_ws/build/laser_scan_nth_pkg -- -j8 -l8
[0.094s] -- Found ament_cmake: 1.3.9 (/opt/ros/humble/share/ament_cmake/cmake)
[0.366s] -- Found rclcpp: 16.0.9 (/opt/ros/humble/share/rclcpp/cmake)
[0.412s] -- Found rosidl_generator_c: 3.1.5 (/opt/ros/humble/share/rosidl_generator_c/cmake)
[0.417s] -- Found rosidl_adapter: 3.1.5 (/opt/ros/humble/share/rosidl_adapter/cmake)
[0.427s] -- Found rosidl_generator_cpp: 3.1.5 (/opt/ros/humble/share/rosidl_generator_cpp/cmake)
[0.447s] -- Using all available rosidl_typesupport_c: rosidl_typesupport_fastrtps_c;rosidl_typesupport_introspection_c
[0.474s] -- Using all available rosidl_typesupport_cpp: rosidl_typesupport_fastrtps_cpp;rosidl_typesupport_introspection_cpp
[0.579s] -- Found rmw_implementation_cmake: 6.1.2 (/opt/ros/humble/share/rmw_implementation_cmake/cmake)
[0.582s] -- Found rmw_fastrtps_cpp: 6.2.6 (/opt/ros/humble/share/rmw_fastrtps_cpp/cmake)
[0.828s] -- Using RMW implementation 'rmw_fastrtps_cpp' as default
[1.120s] -- Found sensor_msgs: 4.2.4 (/opt/ros/humble/share/sensor_msgs/cmake)
[1.351s] -- Found ament_lint_auto: 0.12.11 (/opt/ros/humble/share/ament_lint_auto/cmake)
[1.480s] -- Added test 'cppcheck' to perform static code analysis on C / C++ code
[1.480s] -- Configured cppcheck include dirs: $<BUILD_INTERFACE:/home/student/ros2_ws/src/laser_scan_nth_pkg/include>
[1.480s] -- Configured cppcheck exclude dirs and/or files: 
[1.482s] -- Added test 'lint_cmake' to check CMake code style
[1.483s] -- Added test 'uncrustify' to check C / C++ code style
[1.483s] -- Configured uncrustify additional arguments: 
[1.484s] -- Added test 'xmllint' to check XML markup files
[1.486s] -- Configuring done
[1.511s] -- Generating done
[1.515s] -- Build files have been written to: /home/student/ros2_ws/build/laser_scan_nth_pkg
[1.573s] [35m[1mConsolidate compiler generated dependencies of target laser_scan_nth[0m
[1.618s] [ 50%] [32mBuilding CXX object CMakeFiles/laser_scan_nth.dir/src/laser_scan_nth.cpp.o[0m
[5.652s] [01m[K/home/student/ros2_ws/src/laser_scan_nth_pkg/src/laser_scan_nth.cpp:[m[K In member function â€˜[01m[Kvoid LaserProcessor::scanCallback(sensor_msgs::msg::LaserScan_<std::allocator<void> >::SharedPtr)[m[Kâ€™:
[5.652s] [01m[K/home/student/ros2_ws/src/laser_scan_nth_pkg/src/laser_scan_nth.cpp:21:7:[m[K [01;31m[Kerror: [m[Kâ€˜[01m[Ksubset_scan[m[Kâ€™ was not declared in this scope
[5.652s]    21 |       [01;31m[Ksubset_scan[m[K->angle_min = scan->angle_min;
[5.653s]       |       [01;31m[K^~~~~~~~~~~[m[K
[5.658s] [01m[K/home/student/ros2_ws/src/laser_scan_nth_pkg/src/laser_scan_nth.cpp:60:29:[m[K [01;31m[Kerror: [m[Kâ€˜[01m[Ksubset_scan_[m[Kâ€™ was not declared in this scope; did you mean â€˜[01m[Ksubset_size[m[Kâ€™?
[5.658s]    60 |        scan_pub_->publish(*[01;31m[Ksubset_scan_[m[K);
[5.658s]       |                            [01;31m[K^~~~~~~~~~~~[m[K
[5.659s]       |                            [32m[Ksubset_size[m[K
[9.926s] gmake[2]: *** [CMakeFiles/laser_scan_nth.dir/build.make:76: CMakeFiles/laser_scan_nth.dir/src/laser_scan_nth.cpp.o] Error 1
[9.926s] gmake[1]: *** [CMakeFiles/Makefile2:137: CMakeFiles/laser_scan_nth.dir/all] Error 2
[9.926s] gmake: *** [Makefile:146: all] Error 2
[9.926s] Invoked command in '/home/student/ros2_ws/build/laser_scan_nth_pkg' returned '2': CMAKE_PREFIX_PATH=${CMAKE_PREFIX_PATH}:/home/student/ros2_ws/install/turtlebot3_teleop:/home/student/ros2_ws/install/turtlebot3_example:/opt/ros/humble /usr/bin/cmake --build /home/student/ros2_ws/build/laser_scan_nth_pkg -- -j8 -l8
