[01m[Kcc1plus:[m[K [01;31m[Kfatal error: [m[K/home/student/ros2_ws/src/scan_to_image_localizer/src/mapProcessor_node.cpp: No such file or directory
compilation terminated.
gmake[2]: *** [CMakeFiles/mapProcessor_node.dir/build.make:76: CMakeFiles/mapProcessor_node.dir/src/mapProcessor_node.cpp.o] Error 1
gmake[1]: *** [CMakeFiles/Makefile2:165: CMakeFiles/mapProcessor_node.dir/all] Error 2
gmake[1]: *** Waiting for unfinished jobs....
[01m[K/home/student/ros2_ws/src/scan_to_image_localizer/src/scan_to_image_node.cpp:[m[K In member function â€˜[01m[Kvoid ScanToImageNode::scanCallback(sensor_msgs::msg::LaserScan_<std::allocator<void> >::SharedPtr)[m[Kâ€™:
[01m[K/home/student/ros2_ws/src/scan_to_image_localizer/src/scan_to_image_node.cpp:28:14:[m[K [01;31m[Kerror: [m[Kâ€˜[01m[KrotateRobot[m[Kâ€™ was not declared in this scope
   28 |              [01;31m[KrotateRobot[m[K();
      |              [01;31m[K^~~~~~~~~~~[m[K
gmake[2]: *** [CMakeFiles/scan_to_image_node.dir/build.make:76: CMakeFiles/scan_to_image_node.dir/src/scan_to_image_node.cpp.o] Error 1
gmake[1]: *** [CMakeFiles/Makefile2:139: CMakeFiles/scan_to_image_node.dir/all] Error 2
gmake: *** [Makefile:146: all] Error 2
