[35m[1mConsolidate compiler generated dependencies of target map_processor_node[0m
[ 50%] [32mBuilding CXX object CMakeFiles/map_processor_node.dir/src/map_processor_node.cpp.o[0m
[01m[K/home/student/ros2_ws/src/scan_matching_localiser/src/map_processor_node.cpp:31:49:[m[K [01;31m[Kerror: [m[Kâ€˜[01m[KPoseStamped[m[Kâ€™ in namespace â€˜[01m[Kgeometry_msgs::msg[m[Kâ€™ does not name a type
   31 | nst geometry_msgs::msg::[01;31m[KPoseStamped[m[K::SharedPtr msg)
      |                         [01;31m[K^~~~~~~~~~~[m[K

[01m[K/home/student/ros2_ws/src/scan_matching_localiser/src/map_processor_node.cpp:31:72:[m[K [01;31m[Kerror: [m[Kexpected unqualified-id before â€˜[01m[Kmsg[m[Kâ€™
   31 | s::msg::PoseStamped::SharedPtr [01;31m[Kmsg[m[K)
      |                                [01;31m[K^~~[m[K

[01m[K/home/student/ros2_ws/src/scan_matching_localiser/src/map_processor_node.cpp:31:71:[m[K [01;31m[Kerror: [m[Kexpected â€˜[01m[K)[m[Kâ€™ before â€˜[01m[Kmsg[m[Kâ€™
   31 | s::msg::PoseStamped::SharedPtr[01;31m[K [m[K[32m[Kmsg[m[K)
      |                               [01;31m[K^[m[K[32m[K~~~[m[K
      |                               [32m[K)[m[K
[01m[K/home/student/ros2_ws/src/scan_matching_localiser/src/map_processor_node.cpp:31:62:[m[K [01;31m[Kerror: [m[Kexpected â€˜[01m[K;[m[Kâ€™ at end of member declaration
   31 | msgs::msg::PoseStamped::[01;31m[KSharedPtr[m[K msg)
      |                         [01;31m[K^~~~~~~~~[m[K
      |                                  [32m[K;[m[K
[01m[K/home/student/ros2_ws/src/scan_matching_localiser/src/map_processor_node.cpp:31:72:[m[K [01;31m[Kerror: [m[Kâ€˜[01m[Kmsg[m[Kâ€™ does not name a type
   31 | s::msg::PoseStamped::SharedPtr [01;31m[Kmsg[m[K)
      |                                [01;31m[K^~~[m[K

[01m[K/home/student/ros2_ws/src/scan_matching_localiser/src/map_processor_node.cpp:253:46:[m[K [01;31m[Kerror: [m[Kâ€˜[01m[KPoseStamped[m[Kâ€™ is not a member of â€˜[01m[Kgeometry_msgs::msg[m[Kâ€™
  253 | ion<geometry_msgs::msg::[01;31m[KPoseStamped[m[K>::SharedPtr pose_subscriber_;
      |                         [01;31m[K^~~~~~~~~~~[m[K

[01m[K/home/student/ros2_ws/src/scan_matching_localiser/src/map_processor_node.cpp:253:57:[m[K [01;31m[Kerror: [m[Ktemplate argument 1 is invalid
  253 | y_msgs::msg::PoseStamped[01;31m[K>[m[K::SharedPtr pose_subscriber_;
      |                         [01;31m[K^[m[K

[01m[K/home/student/ros2_ws/src/scan_matching_localiser/src/map_processor_node.cpp:253:57:[m[K [01;31m[Kerror: [m[Ktemplate argument 3 is invalid
[01m[K/home/student/ros2_ws/src/scan_matching_localiser/src/map_processor_node.cpp:253:57:[m[K [01;31m[Kerror: [m[Ktemplate argument 4 is invalid
[01m[K/home/student/ros2_ws/src/scan_matching_localiser/src/map_processor_node.cpp:253:57:[m[K [01;31m[Kerror: [m[Ktemplate argument 5 is invalid
[01m[K/home/student/ros2_ws/src/scan_matching_localiser/src/map_processor_node.cpp:253:60:[m[K [01;31m[Kerror: [m[Kexpected â€˜[01m[K;[m[Kâ€™ at end of member declaration
  253 | sgs::msg::PoseStamped>::[01;31m[KSharedPtr[m[K pose_subscriber_;
      |                         [01;31m[K^~~~~~~~~[m[K
      |                                  [32m[K;[m[K
[01m[K/home/student/ros2_ws/src/scan_matching_localiser/src/map_processor_node.cpp:253:70:[m[K [01;31m[Kerror: [m[Kâ€˜[01m[Kpose_subscriber_[m[Kâ€™ does not name a type
  253 | PoseStamped>::SharedPtr [01;31m[Kpose_subscriber_[m[K;
      |                         [01;31m[K^~~~~~~~~~~~~~~~[m[K

[01m[K/home/student/ros2_ws/src/scan_matching_localiser/src/map_processor_node.cpp:[m[K In constructor â€˜[01m[KMapProcessorNode::MapProcessorNode()[m[Kâ€™:
[01m[K/home/student/ros2_ws/src/scan_matching_localiser/src/map_processor_node.cpp:21:9:[m[K [01;31m[Kerror: [m[Kâ€˜[01m[Kpose_subscriber_[m[Kâ€™ was not declared in this scope; did you mean â€˜[01m[Kscan_subscriber_[m[Kâ€™?
   21 |         [01;31m[Kpose_subscriber_[m[K = this->create_subscription<geometry_msgs::msg::PoseStamped>(
      |         [01;31m[K^~~~~~~~~~~~~~~~[m[K
      |         [32m[Kscan_subscriber_[m[K
[01m[K/home/student/ros2_ws/src/scan_matching_localiser/src/map_processor_node.cpp:21:74:[m[K [01;31m[Kerror: [m[Kâ€˜[01m[KPoseStamped[m[Kâ€™ is not a member of â€˜[01m[Kgeometry_msgs::msg[m[Kâ€™
   21 | ion<geometry_msgs::msg::[01;31m[KPoseStamped[m[K>(
      |                         [01;31m[K^~~~~~~~~~~[m[K

[01m[K/home/student/ros2_ws/src/scan_matching_localiser/src/map_processor_node.cpp:21:86:[m[K [01;31m[Kerror: [m[Kno matching function for call to â€˜[01m[KMapProcessorNode::create_subscription<<expression error> >(const char [12], int, std::_Bind_helper<false, void (MapProcessorNode::*)(...), MapProcessorNode*, const std::_Placeholder<1>&>::type)[m[Kâ€™
   21 | [01;31m[Kn<geometry_msgs::msg::PoseStamped>([m[K
      | [01;31m[K~~~~~~~~~~~~~~~~~~~~~~~~~~~~~~~~~~^[m[K

   22 | [01;31m[KsorNode::poseCallback, this, std::placeholders::_1))[m[K;
      | [01;31m[K~~~~~~~~~~~~~~~~~~~~~~~~~~~~~~~~~~~~~~~~~~~~~~~~~~~~[m[K

In file included from [01m[K/opt/ros/humble/include/rclcpp/rclcpp/node.hpp:1321[m[K,
                 from [01m[K/opt/ros/humble/include/rclcpp/rclcpp/executors/single_threaded_executor.hpp:28[m[K,
                 from [01m[K/opt/ros/humble/include/rclcpp/rclcpp/executors.hpp:22[m[K,
                 from [01m[K/opt/ros/humble/include/rclcpp/rclcpp/rclcpp.hpp:155[m[K,
                 from [01m[K/home/student/ros2_ws/src/scan_matching_localiser/src/map_processor_node.cpp:1[m[K:
[01m[K/opt/ros/humble/include/rclcpp/rclcpp/node_impl.hpp:92:1:[m[K [01;36m[Knote: [m[Kcandidate: â€˜[01m[Ktemplate<class MessageT, class CallbackT, class AllocatorT, class SubscriptionT, class MessageMemoryStrategyT> std::shared_ptr<ROSMessageT> rclcpp::Node::create_subscription(const string&, const rclcpp::QoS&, CallbackT&&, const rclcpp::SubscriptionOptionsWithAllocator<AllocatorT>&, typename MessageMemoryStrategyT::SharedPtr)[m[Kâ€™
   92 | [01;36m[KNode[m[K::create_subscription(
      | [01;36m[K^~~~[m[K
[01m[K/opt/ros/humble/include/rclcpp/rclcpp/node_impl.hpp:92:1:[m[K [01;36m[Knote: [m[K  template argument deduction/substitution failed:
[01m[K/home/student/ros2_ws/src/scan_matching_localiser/src/map_processor_node.cpp:21:86:[m[K [01;31m[Kerror: [m[Ktemplate argument 1 is invalid
   21 | [01;31m[Kn<geometry_msgs::msg::PoseStamped>([m[K
      | [01;31m[K~~~~~~~~~~~~~~~~~~~~~~~~~~~~~~~~~~^[m[K

   22 | [01;31m[KsorNode::poseCallback, this, std::placeholders::_1))[m[K;
      | [01;31m[K~~~~~~~~~~~~~~~~~~~~~~~~~~~~~~~~~~~~~~~~~~~~~~~~~~~~[m[K

gmake[2]: *** [CMakeFiles/map_processor_node.dir/build.make:76: CMakeFiles/map_processor_node.dir/src/map_processor_node.cpp.o] Error 1
gmake[1]: *** [CMakeFiles/Makefile2:137: CMakeFiles/map_processor_node.dir/all] Error 2
gmake: *** [Makefile:146: all] Error 2
