[0.022s] Invoking command in '/home/student/ros2_ws/build/scan_matching_localiser': CMAKE_PREFIX_PATH=${CMAKE_PREFIX_PATH}:/home/student/ros2_ws/install/turtlebot3_teleop:/home/student/ros2_ws/install/turtlebot3_example:/opt/ros/humble /usr/bin/cmake --build /home/student/ros2_ws/build/scan_matching_localiser -- -j8 -l8
[0.115s] [35m[1mConsolidate compiler generated dependencies of target map_processor_node[0m
[0.155s] [ 50%] [32mBuilding CXX object CMakeFiles/map_processor_node.dir/src/map_processor_node.cpp.o[0m
[4.673s] [01m[K/home/student/ros2_ws/src/scan_matching_localiser/src/map_processor_node.cpp:136:2:[m[K [01;31m[Kerror: [m[Kexpected â€˜[01m[K;[m[Kâ€™ after class definition
[4.673s]   136 | }
[4.673s]       |  [01;31m[K^[m[K
[4.673s]       |  [32m[K;[m[K
[4.673s] [01m[K/home/student/ros2_ws/src/scan_matching_localiser/src/map_processor_node.cpp:[m[K In constructor â€˜[01m[KMapProcessorNode::MapProcessorNode()[m[Kâ€™:
[4.673s] [01m[K/home/student/ros2_ws/src/scan_matching_localiser/src/map_processor_node.cpp:15:35:[m[K [01;31m[Kerror: [m[Kclass â€˜[01m[KMapProcessorNode[m[Kâ€™ does not have any field named â€˜[01m[Kangle_difference_[m[Kâ€™
[4.674s]    15 | ("map_processor_node"), [01;31m[Kangle_difference_[m[K(0.0), relative_orientaion_(0.0)
[4.674s]       |                         [01;31m[K^~~~~~~~~~~~~~~~~[m[K
[4.674s] 
[4.674s] [01m[K/home/student/ros2_ws/src/scan_matching_localiser/src/map_processor_node.cpp:15:59:[m[K [01;31m[Kerror: [m[Kclass â€˜[01m[KMapProcessorNode[m[Kâ€™ does not have any field named â€˜[01m[Krelative_orientaion_[m[Kâ€™
[4.674s]    15 | angle_difference_(0.0), [01;31m[Krelative_orientaion_[m[K(0.0)
[4.674s]       |                         [01;31m[K^~~~~~~~~~~~~~~~~~~~[m[K
[4.674s] 
[4.688s] [01m[K/home/student/ros2_ws/src/scan_matching_localiser/src/map_processor_node.cpp:17:9:[m[K [01;31m[Kerror: [m[Kâ€˜[01m[Ksubscription_[m[Kâ€™ was not declared in this scope; did you mean â€˜[01m[Krmw_subscription_t[m[Kâ€™?
[4.688s]    17 |         [01;31m[Ksubscription_[m[K = this->create_subscription<nav_msgs::msg::OccupancyGrid>(
[4.689s]       |         [01;31m[K^~~~~~~~~~~~~[m[K
[4.689s]       |         [32m[Krmw_subscription_t[m[K
[4.775s] [01m[K/home/student/ros2_ws/src/scan_matching_localiser/src/map_processor_node.cpp:20:9:[m[K [01;31m[Kerror: [m[Kâ€˜[01m[Kscan_subscriber_[m[Kâ€™ was not declared in this scope; did you mean â€˜[01m[Kcount_subscribers[m[Kâ€™?
[4.776s]    20 |         [01;31m[Kscan_subscriber_[m[K = this->create_subscription<sensor_msgs::msg::LaserScan>(
[4.776s]       |         [01;31m[K^~~~~~~~~~~~~~~~[m[K
[4.776s]       |         [32m[Kcount_subscribers[m[K
[4.851s] [01m[K/home/student/ros2_ws/src/scan_matching_localiser/src/map_processor_node.cpp:23:9:[m[K [01;31m[Kerror: [m[Kâ€˜[01m[Kodom_sub_[m[Kâ€™ was not declared in this scope
[4.851s]    23 |         [01;31m[Kodom_sub_[m[K = this->create_subscription<nav_msgs::msg::Odometry>(
[4.851s]       |         [01;31m[K^~~~~~~~~[m[K
[4.927s] [01m[K/home/student/ros2_ws/src/scan_matching_localiser/src/map_processor_node.cpp:26:25:[m[K [01;31m[Kerror: [m[Kâ€˜[01m[KWINDOW1[m[Kâ€™ was not declared in this scope
[4.928s]    26 |         cv::namedWindow([01;31m[KWINDOW1[m[K, cv::WINDOW_AUTOSIZE);
[4.928s]       |                         [01;31m[K^~~~~~~[m[K
[4.939s] [01m[K/home/student/ros2_ws/src/scan_matching_localiser/src/map_processor_node.cpp:27:25:[m[K [01;31m[Kerror: [m[Kâ€˜[01m[KWINDOW2[m[Kâ€™ was not declared in this scope
[4.939s]    27 |         cv::namedWindow([01;31m[KWINDOW2[m[K, cv::WINDOW_AUTOSIZE);  // New window for edge image
[4.939s]       |                         [01;31m[K^~~~~~~[m[K
[4.949s] [01m[K/home/student/ros2_ws/src/scan_matching_localiser/src/map_processor_node.cpp:28:25:[m[K [01;31m[Kerror: [m[Kâ€˜[01m[KWINDOW3[m[Kâ€™ was not declared in this scope
[4.950s]    28 |         cv::namedWindow([01;31m[KWINDOW3[m[K, cv::WINDOW_AUTOSIZE);
[4.950s]       |                         [01;31m[K^~~~~~~[m[K
[4.961s] [01m[K/home/student/ros2_ws/src/scan_matching_localiser/src/map_processor_node.cpp:29:25:[m[K [01;31m[Kerror: [m[Kâ€˜[01m[KWINDOW4[m[Kâ€™ was not declared in this scope
[4.961s]    29 |         cv::namedWindow([01;31m[KWINDOW4[m[K, cv::WINDOW_AUTOSIZE);
[4.961s]       |                         [01;31m[K^~~~~~~[m[K
[4.981s] [01m[K/home/student/ros2_ws/src/scan_matching_localiser/src/map_processor_node.cpp:[m[K In member function â€˜[01m[Kvoid MapProcessorNode::odom_callback(nav_msgs::msg::Odometry_<std::allocator<void> >::SharedPtr)[m[Kâ€™:
[4.982s] [01m[K/home/student/ros2_ws/src/scan_matching_localiser/src/map_processor_node.cpp:35:14:[m[K [01;31m[Kerror: [m[Kâ€˜[01m[Kinitialized_[m[Kâ€™ was not declared in this scope
[4.982s]    35 |         if (![01;31m[Kinitialized_[m[K)
[4.984s]       |              [01;31m[K^~~~~~~~~~~~[m[K
[5.002s] [01m[K/home/student/ros2_ws/src/scan_matching_localiser/src/map_processor_node.cpp:37:13:[m[K [01;31m[Kerror: [m[Kâ€˜[01m[Kinitial_pose_x_[m[Kâ€™ was not declared in this scope
[5.002s]    37 |             [01;31m[Kinitial_pose_x_[m[K = msg->pose.pose.position.x;
[5.002s]       |             [01;31m[K^~~~~~~~~~~~~~~[m[K
[5.021s] [01m[K/home/student/ros2_ws/src/scan_matching_localiser/src/map_processor_node.cpp:38:13:[m[K [01;31m[Kerror: [m[Kâ€˜[01m[Kinitial_pose_y_[m[Kâ€™ was not declared in this scope
[5.021s]    38 |             [01;31m[Kinitial_pose_y_[m[K = msg->pose.pose.position.y;
[5.022s]       |             [01;31m[K^~~~~~~~~~~~~~~[m[K
[5.041s] [01m[K/home/student/ros2_ws/src/scan_matching_localiser/src/map_processor_node.cpp:47:35:[m[K [01;31m[Kerror: [m[Kâ€˜[01m[Kinitial_pose_theta_[m[Kâ€™ was not declared in this scope
[5.043s]    47 |   m.getRPY(roll, pitch, [01;31m[Kinitial_pose_theta_[m[K);
[5.043s]       |                         [01;31m[K^~~~~~~~~~~~~~~~~~~[m[K
[5.043s] 
[5.059s] [01m[K/home/student/ros2_ws/src/scan_matching_localiser/src/map_processor_node.cpp:49:13:[m[K [01;31m[Kerror: [m[Kâ€˜[01m[Kcurrent_pose_x_[m[Kâ€™ was not declared in this scope
[5.059s]    49 |             [01;31m[Kcurrent_pose_x_[m[K = initial_pose_x_;
[5.060s]       |             [01;31m[K^~~~~~~~~~~~~~~[m[K
[5.079s] [01m[K/home/student/ros2_ws/src/scan_matching_localiser/src/map_processor_node.cpp:50:13:[m[K [01;31m[Kerror: [m[Kâ€˜[01m[Kcurrent_pose_y_[m[Kâ€™ was not declared in this scope
[5.079s]    50 |             [01;31m[Kcurrent_pose_y_[m[K = initial_pose_y_;
[5.079s]       |             [01;31m[K^~~~~~~~~~~~~~~[m[K
[5.100s] [01m[K/home/student/ros2_ws/src/scan_matching_localiser/src/map_processor_node.cpp:51:13:[m[K [01;31m[Kerror: [m[Kâ€˜[01m[Kcurrent_pose_theta_[m[Kâ€™ was not declared in this scope
[5.100s]    51 |             [01;31m[Kcurrent_pose_theta_[m[K = initial_pose_theta_;
[5.100s]       |             [01;31m[K^~~~~~~~~~~~~~~~~~~[m[K
[5.118s] [01m[K/home/student/ros2_ws/src/scan_matching_localiser/src/map_processor_node.cpp:[m[K In member function â€˜[01m[Kvoid MapProcessorNode::scanCallback(sensor_msgs::msg::LaserScan_<std::allocator<void> >::SharedPtr)[m[Kâ€™:
[5.118s] [01m[K/home/student/ros2_ws/src/scan_matching_localiser/src/map_processor_node.cpp:62:9:[m[K [01;31m[Kerror: [m[Kâ€˜[01m[Kscan_image[m[Kâ€™ was not declared in this scope
[5.119s]    62 |         [01;31m[Kscan_image[m[K = laserScanToImage(msg);
[5.119s]       |         [01;31m[K^~~~~~~~~~[m[K
[5.135s] [01m[K/home/student/ros2_ws/src/scan_matching_localiser/src/map_processor_node.cpp:62:22:[m[K [01;31m[Kerror: [m[Kâ€˜[01m[KlaserScanToImage[m[Kâ€™ was not declared in this scope
[5.135s]    62 |         scan_image = [01;31m[KlaserScanToImage[m[K(msg);
[5.135s]       |                      [01;31m[K^~~~~~~~~~~~~~~~[m[K
[5.145s] [01m[K/home/student/ros2_ws/src/scan_matching_localiser/src/map_processor_node.cpp:65:20:[m[K [01;31m[Kerror: [m[Kâ€˜[01m[KWINDOW3[m[Kâ€™ was not declared in this scope
[5.146s]    65 |         cv::imshow([01;31m[KWINDOW3[m[K, scan_image);
[5.146s]       |                    [01;31m[K^~~~~~~[m[K
[5.167s] [01m[K/home/student/ros2_ws/src/scan_matching_localiser/src/map_processor_node.cpp:68:9:[m[K [01;31m[Kerror: [m[Kâ€˜[01m[KcalculateYawChange[m[Kâ€™ was not declared in this scope
[5.167s]    68 |         [01;31m[KcalculateYawChange[m[K();
[5.167s]       |         [01;31m[K^~~~~~~~~~~~~~~~~~[m[K
[5.189s] [01m[K/home/student/ros2_ws/src/scan_matching_localiser/src/map_processor_node.cpp:69:9:[m[K [01;31m[Kerror: [m[Kâ€˜[01m[Krelative_orientaion_[m[Kâ€™ was not declared in this scope
[5.192s]    69 |         [01;31m[Krelative_orientaion_[m[K = relative_orientaion_ + angle_difference_;
[5.192s]       |         [01;31m[K^~~~~~~~~~~~~~~~~~~~[m[K
[5.210s] [01m[K/home/student/ros2_ws/src/scan_matching_localiser/src/map_processor_node.cpp:69:55:[m[K [01;31m[Kerror: [m[Kâ€˜[01m[Kangle_difference_[m[Kâ€™ was not declared in this scope
[5.210s]    69 |  relative_orientaion_ + [01;31m[Kangle_difference_[m[K;
[5.210s]       |                         [01;31m[K^~~~~~~~~~~~~~~~~[m[K
[5.210s] 
[5.238s] [01m[K/home/student/ros2_ws/src/scan_matching_localiser/src/map_processor_node.cpp:[m[K In member function â€˜[01m[Kvoid MapProcessorNode::mapCallback(nav_msgs::msg::OccupancyGrid_<std::allocator<void> >::SharedPtr)[m[Kâ€™:
[5.238s] [01m[K/home/student/ros2_ws/src/scan_matching_localiser/src/map_processor_node.cpp:78:9:[m[K [01;31m[Kerror: [m[Kâ€˜[01m[KoccupancyGridToImage[m[Kâ€™ was not declared in this scope
[5.238s]    78 |         [01;31m[KoccupancyGridToImage[m[K(mapMsg);
[5.238s]       |         [01;31m[K^~~~~~~~~~~~~~~~~~~~[m[K
[5.258s] [01m[K/home/student/ros2_ws/src/scan_matching_localiser/src/map_processor_node.cpp:80:31:[m[K [01;31m[Kerror: [m[Kâ€˜[01m[Km_MapColImage[m[Kâ€™ was not declared in this scope
[5.258s]    80 |   cv::Mat tmp_col_img = [01;31m[Km_MapColImage[m[K.clone();
[5.259s]       |                         [01;31m[K^~~~~~~~~~~~~[m[K
[5.259s] 
[5.267s] [01m[K/home/student/ros2_ws/src/scan_matching_localiser/src/map_processor_node.cpp:85:20:[m[K [01;31m[Kerror: [m[Kâ€˜[01m[KWINDOW1[m[Kâ€™ was not declared in this scope
[5.267s]    85 |         cv::imshow([01;31m[KWINDOW1[m[K, tmp_col_img);
[5.267s]       |                    [01;31m[K^~~~~~~[m[K
[5.281s] [01m[K/home/student/ros2_ws/src/scan_matching_localiser/src/map_processor_node.cpp:89:19:[m[K [01;31m[Kerror: [m[Kâ€˜[01m[Km_MapBinImage[m[Kâ€™ was not declared in this scope
[5.281s]    89 |         cv::Canny([01;31m[Km_MapBinImage[m[K, edge_img, 10, 50);  // Apply Canny edge detection
[5.281s]       |                   [01;31m[K^~~~~~~~~~~~~[m[K
[5.291s] [01m[K/home/student/ros2_ws/src/scan_matching_localiser/src/map_processor_node.cpp:89:34:[m[K [01;31m[Kerror: [m[Kâ€˜[01m[Kedge_img[m[Kâ€™ was not declared in this scope
[5.292s]    89 | v::Canny(m_MapBinImage, [01;31m[Kedge_img[m[K, 10, 50);  // Apply Canny edge detection
[5.292s]       |                         [01;31m[K^~~~~~~~[m[K
[5.292s] 
[5.303s] [01m[K/home/student/ros2_ws/src/scan_matching_localiser/src/map_processor_node.cpp:93:20:[m[K [01;31m[Kerror: [m[Kâ€˜[01m[KWINDOW2[m[Kâ€™ was not declared in this scope
[5.303s]    93 |         cv::imshow([01;31m[KWINDOW2[m[K, edge_img);  // Show the edge image in a new window
[5.303s]       |                    [01;31m[K^~~~~~~[m[K
[5.316s] [01m[K/home/student/ros2_ws/src/scan_matching_localiser/src/map_processor_node.cpp:95:14:[m[K [01;31m[Kerror: [m[Kâ€˜[01m[Kscan_image[m[Kâ€™ was not declared in this scope
[5.316s]    95 |         if (![01;31m[Kscan_image[m[K.empty()) {
[5.316s]       |              [01;31m[K^~~~~~~~~~[m[K
[5.329s] [01m[K/home/student/ros2_ws/src/scan_matching_localiser/src/map_processor_node.cpp:[m[K In member function â€˜[01m[Kvoid MapProcessorNode::extractMapSection()[m[Kâ€™:
[5.330s] [01m[K/home/student/ros2_ws/src/scan_matching_localiser/src/map_processor_node.cpp:105:9:[m[K [01;31m[Kerror: [m[Kâ€˜[01m[Km_MapColImage[m[Kâ€™ was not declared in this scope
[5.330s]   105 |     if ([01;31m[Km_MapColImage[m[K.empty() || scan_image.empty() || !initialized_) {
[5.330s]       |         [01;31m[K^~~~~~~~~~~~~[m[K
[5.343s] [01m[K/home/student/ros2_ws/src/scan_matching_localiser/src/map_processor_node.cpp:105:34:[m[K [01;31m[Kerror: [m[Kâ€˜[01m[Kscan_image[m[Kâ€™ was not declared in this scope
[5.345s]   105 | _MapColImage.empty() || [01;31m[Kscan_image[m[K.empty() || !initialized_) {
[5.345s]       |                         [01;31m[K^~~~~~~~~~[m[K
[5.345s] 
[5.354s] [01m[K/home/student/ros2_ws/src/scan_matching_localiser/src/map_processor_node.cpp:105:57:[m[K [01;31m[Kerror: [m[Kâ€˜[01m[Kinitialized_[m[Kâ€™ was not declared in this scope
[5.354s]   105 |  scan_image.empty() || ![01;31m[Kinitialized_[m[K) {
[5.354s]       |                         [01;31m[K^~~~~~~~~~~~[m[K
[5.354s] 
[5.374s] [01m[K/home/student/ros2_ws/src/scan_matching_localiser/src/map_processor_node.cpp:109:41:[m[K [01;31m[Kerror: [m[Kâ€˜[01m[Kcurrent_pose_x_[m[Kâ€™ was not declared in this scope
[5.374s]   109 | p_x = static_cast<int>(([01;31m[Kcurrent_pose_x_[m[K - origin_x) / map_scale_);
[5.374s]       |                         [01;31m[K^~~~~~~~~~~~~~~[m[K
[5.374s] 
[5.382s] [01m[K/home/student/ros2_ws/src/scan_matching_localiser/src/map_processor_node.cpp:109:59:[m[K [01;31m[Kerror: [m[Kâ€˜[01m[Korigin_x[m[Kâ€™ was not declared in this scope
[5.382s]   109 | int>((current_pose_x_ - [01;31m[Korigin_x[m[K) / map_scale_);
[5.383s]       |                         [01;31m[K^~~~~~~~[m[K
[5.383s] 
[5.396s] [01m[K/home/student/ros2_ws/src/scan_matching_localiser/src/map_processor_node.cpp:109:71:[m[K [01;31m[Kerror: [m[Kâ€˜[01m[Kmap_scale_[m[Kâ€™ was not declared in this scope
[5.396s]   109 | t_pose_x_ - origin_x) / [01;31m[Kmap_scale_[m[K);
[5.396s]       |                         [01;31m[K^~~~~~~~~~[m[K
[5.396s] 
[5.416s] [01m[K/home/student/ros2_ws/src/scan_matching_localiser/src/map_processor_node.cpp:110:41:[m[K [01;31m[Kerror: [m[Kâ€˜[01m[Kcurrent_pose_y_[m[Kâ€™ was not declared in this scope
[5.416s]   110 | p_y = static_cast<int>(([01;31m[Kcurrent_pose_y_[m[K - origin_y) / map_scale_);
[5.416s]       |                         [01;31m[K^~~~~~~~~~~~~~~[m[K
[5.416s] 
[5.427s] [01m[K/home/student/ros2_ws/src/scan_matching_localiser/src/map_processor_node.cpp:110:59:[m[K [01;31m[Kerror: [m[Kâ€˜[01m[Korigin_y[m[Kâ€™ was not declared in this scope
[5.427s]   110 | int>((current_pose_y_ - [01;31m[Korigin_y[m[K) / map_scale_);
[5.427s]       |                         [01;31m[K^~~~~~~~[m[K
[5.427s] 
[5.439s] [01m[K/home/student/ros2_ws/src/scan_matching_localiser/src/map_processor_node.cpp:113:24:[m[K [01;31m[Kerror: [m[Kâ€˜[01m[Kscan_image[m[Kâ€™ was not declared in this scope
[5.439s]   113 |     int extract_size = [01;31m[Kscan_image[m[K.rows; // Assuming the laser scan image is square
[5.439s]       |                        [01;31m[K^~~~~~~~~~[m[K
[5.454s] [01m[K/home/student/ros2_ws/src/scan_matching_localiser/src/map_processor_node.cpp:119:43:[m[K [01;31m[Kerror: [m[Kâ€˜[01m[Km_MapColImage[m[Kâ€™ was not declared in this scope
[5.455s]   119 | d::min(static_cast<int>([01;31m[Km_MapColImage[m[K.cols), robot_map_x + half_size);
[5.455s]       |                         [01;31m[K^~~~~~~~~~~~~[m[K
[5.455s] 
[5.469s] [01m[K/home/student/ros2_ws/src/scan_matching_localiser/src/map_processor_node.cpp:132:16:[m[K [01;31m[Kerror: [m[Kâ€˜[01m[KWINDOW4[m[Kâ€™ was not declared in this scope
[5.470s]   132 |     cv::imshow([01;31m[KWINDOW4[m[K, resized_map_section);
[5.470s]       |                [01;31m[K^~~~~~~[m[K
[5.474s] [01m[K/home/student/ros2_ws/src/scan_matching_localiser/src/map_processor_node.cpp:[m[K In function â€˜[01m[Kvoid occupancyGridToImage(nav_msgs::msg::OccupancyGrid_<std::allocator<void> >::SharedPtr)[m[Kâ€™:
[5.474s] [01m[K/home/student/ros2_ws/src/scan_matching_localiser/src/map_processor_node.cpp:144:5:[m[K [01;31m[Kerror: [m[Kâ€˜[01m[Km_temp_img[m[Kâ€™ was not declared in this scope
[5.474s]   144 |     [01;31m[Km_temp_img[m[K = cv::Mat::zeros(grid->info.height, grid->info.width, CV_8UC1);
[5.475s]       |     [01;31m[K^~~~~~~~~~[m[K
[5.475s] [01m[K/home/student/ros2_ws/src/scan_matching_localiser/src/map_processor_node.cpp:154:36:[m[K [01;31m[Kerror: [m[Kexpected primary-expression before â€˜[01m[K>[m[Kâ€™ token
[5.475s]   154 |      m_temp_img.at<uchar[01;31m[K>[m[K(grid->info.height - row - 1, col) = val;
[5.475s]       |                         [01;31m[K^[m[K
[5.476s] 
[5.482s] [01m[K/home/student/ros2_ws/src/scan_matching_localiser/src/map_processor_node.cpp:154:62:[m[K [01;35m[Kwarning: [m[Kvalue computed is not used [[01;35m[K]8;;https://gcc.gnu.org/onlinedocs/gcc/Warning-Options.html#index-Wunused-value-Wunused-value]8;;[m[K]
[5.482s]   154 | [01;35m[Kgrid->info.height - row - 1[m[K, col) = val;
[5.483s]       | [01;35m[K~~~~~~~~~~~~~~~~~~~~~~~~^~~[m[K
[5.484s] 
[5.485s] [01m[K/home/student/ros2_ws/src/scan_matching_localiser/src/map_processor_node.cpp:156:36:[m[K [01;31m[Kerror: [m[Kexpected primary-expression before â€˜[01m[K>[m[Kâ€™ token
[5.485s]   156 |      m_temp_img.at<uchar[01;31m[K>[m[K(grid->info.height - row - 1, col) = 0;
[5.485s]       |                         [01;31m[K^[m[K
[5.486s] 
[5.486s] [01m[K/home/student/ros2_ws/src/scan_matching_localiser/src/map_processor_node.cpp:156:62:[m[K [01;35m[Kwarning: [m[Kvalue computed is not used [[01;35m[K]8;;https://gcc.gnu.org/onlinedocs/gcc/Warning-Options.html#index-Wunused-value-Wunused-value]8;;[m[K]
[5.486s]   156 | [01;35m[Kgrid->info.height - row - 1[m[K, col) = 0;
[5.486s]       | [01;35m[K~~~~~~~~~~~~~~~~~~~~~~~~^~~[m[K
[5.486s] 
[5.493s] [01m[K/home/student/ros2_ws/src/scan_matching_localiser/src/map_processor_node.cpp:161:5:[m[K [01;31m[Kerror: [m[Kâ€˜[01m[Kmap_scale_[m[Kâ€™ was not declared in this scope
[5.493s]   161 |     [01;31m[Kmap_scale_[m[K = grid->info.resolution;
[5.493s]       |     [01;31m[K^~~~~~~~~~[m[K
[5.500s] [01m[K/home/student/ros2_ws/src/scan_matching_localiser/src/map_processor_node.cpp:162:5:[m[K [01;31m[Kerror: [m[Kâ€˜[01m[Korigin_x[m[Kâ€™ was not declared in this scope
[5.501s]   162 |     [01;31m[Korigin_x[m[K = grid->info.origin.position.x;
[5.502s]       |     [01;31m[K^~~~~~~~[m[K
[5.506s] [01m[K/home/student/ros2_ws/src/scan_matching_localiser/src/map_processor_node.cpp:163:5:[m[K [01;31m[Kerror: [m[Kâ€˜[01m[Korigin_y[m[Kâ€™ was not declared in this scope
[5.506s]   163 |     [01;31m[Korigin_y[m[K = grid->info.origin.position.y;
[5.506s]       |     [01;31m[K^~~~~~~~[m[K
[5.511s] [01m[K/home/student/ros2_ws/src/scan_matching_localiser/src/map_processor_node.cpp:164:5:[m[K [01;31m[Kerror: [m[Kâ€˜[01m[Ksize_x[m[Kâ€™ was not declared in this scope; did you mean â€˜[01m[Ksize_t[m[Kâ€™?
[5.511s]   164 |     [01;31m[Ksize_x[m[K = grid->info.width;
[5.511s]       |     [01;31m[K^~~~~~[m[K
[5.511s]       |     [32m[Ksize_t[m[K
[5.516s] [01m[K/home/student/ros2_ws/src/scan_matching_localiser/src/map_processor_node.cpp:165:5:[m[K [01;31m[Kerror: [m[Kâ€˜[01m[Ksize_y[m[Kâ€™ was not declared in this scope; did you mean â€˜[01m[Ksize_t[m[Kâ€™?
[5.516s]   165 |     [01;31m[Ksize_y[m[K = grid->info.height;
[5.517s]       |     [01;31m[K^~~~~~[m[K
[5.521s]       |     [32m[Ksize_t[m[K
[5.533s] [01m[K/home/student/ros2_ws/src/scan_matching_localiser/src/map_processor_node.cpp:170:27:[m[K [01;31m[Kerror: [m[Kâ€˜[01m[Km_MapBinImage[m[Kâ€™ was not declared in this scope
[5.534s]   170 |   cv::erode(m_temp_img, [01;31m[Km_MapBinImage[m[K, kernel);
[5.537s]       |                         [01;31m[K^~~~~~~~~~~~~[m[K
[5.537s] 
[5.543s] [01m[K/home/student/ros2_ws/src/scan_matching_localiser/src/map_processor_node.cpp:172:5:[m[K [01;31m[Kerror: [m[Kâ€˜[01m[Km_MapColImage[m[Kâ€™ was not declared in this scope
[5.543s]   172 |     [01;31m[Km_MapColImage[m[K.create(m_MapBinImage.size(), CV_8UC3);
[5.544s]       |     [01;31m[K^~~~~~~~~~~~~[m[K
[5.567s] [01m[K/home/student/ros2_ws/src/scan_matching_localiser/src/map_processor_node.cpp:[m[K In function â€˜[01m[Kvoid calculateYawChange()[m[Kâ€™:
[5.567s] [01m[K/home/student/ros2_ws/src/scan_matching_localiser/src/map_processor_node.cpp:239:32:[m[K [01;31m[Kerror: [m[Kâ€˜[01m[Kedge_img[m[Kâ€™ was not declared in this scope
[5.567s]   239 |  detectAndMatchFeatures([01;31m[Kedge_img[m[K, scan_image, srcPoints, dstPoints);
[5.568s]       |                         [01;31m[K^~~~~~~~[m[K
[5.568s] 
[5.573s] [01m[K/home/student/ros2_ws/src/scan_matching_localiser/src/map_processor_node.cpp:239:42:[m[K [01;31m[Kerror: [m[Kâ€˜[01m[Kscan_image[m[Kâ€™ was not declared in this scope
[5.573s]   239 | MatchFeatures(edge_img, [01;31m[Kscan_image[m[K, srcPoints, dstPoints);
[5.573s]       |                         [01;31m[K^~~~~~~~~~[m[K
[5.574s] 
[5.574s] In file included from [01m[K/opt/ros/humble/include/rclcpp/rclcpp/client.hpp:40[m[K,
[5.574s]                  from [01m[K/opt/ros/humble/include/rclcpp/rclcpp/callback_group.hpp:24[m[K,
[5.574s]                  from [01m[K/opt/ros/humble/include/rclcpp/rclcpp/any_executable.hpp:20[m[K,
[5.574s]                  from [01m[K/opt/ros/humble/include/rclcpp/rclcpp/memory_strategy.hpp:25[m[K,
[5.574s]                  from [01m[K/opt/ros/humble/include/rclcpp/rclcpp/memory_strategies.hpp:18[m[K,
[5.574s]                  from [01m[K/opt/ros/humble/include/rclcpp/rclcpp/executor_options.hpp:20[m[K,
[5.575s]                  from [01m[K/opt/ros/humble/include/rclcpp/rclcpp/executor.hpp:37[m[K,
[5.575s]                  from [01m[K/opt/ros/humble/include/rclcpp/rclcpp/executors/multi_threaded_executor.hpp:25[m[K,
[5.575s]                  from [01m[K/opt/ros/humble/include/rclcpp/rclcpp/executors.hpp:21[m[K,
[5.575s]                  from [01m[K/opt/ros/humble/include/rclcpp/rclcpp/rclcpp.hpp:155[m[K,
[5.575s]                  from [01m[K/home/student/ros2_ws/src/scan_matching_localiser/src/map_processor_node.cpp:1[m[K:
[5.575s] [01m[K/home/student/ros2_ws/src/scan_matching_localiser/src/map_processor_node.cpp:242:26:[m[K [01;31m[Kerror: [m[Kinvalid use of â€˜[01m[Kthis[m[Kâ€™ in non-member function
[5.575s]   242 |            RCLCPP_ERROR([01;31m[Kthis[m[K->get_logger(), "Not enough points for affine transformation.");
[5.576s]       |                         [01;31m[K^~~~[m[K
[5.576s] 
[5.576s] [01m[K/home/student/ros2_ws/src/scan_matching_localiser/src/map_processor_node.cpp:242:26:[m[K [01;31m[Kerror: [m[Kinvalid use of â€˜[01m[Kthis[m[Kâ€™ in non-member function
[5.576s] [01m[K/home/student/ros2_ws/src/scan_matching_localiser/src/map_processor_node.cpp:242:13:[m[K [01;31m[Kerror: [m[Ktemplate argument 1 is invalid
[5.576s]   242 |             [01;31m[KRCLCPP_ERROR[m[K(this->get_logger(), "Not enough points for affine transformation.");
[5.576s]       |             [01;31m[K^~~~~~~~~~~~[m[K
[5.576s] [01m[K/home/student/ros2_ws/src/scan_matching_localiser/src/map_processor_node.cpp:242:13:[m[K [01;31m[Kerror: [m[Ktemplate argument 1 is invalid
[5.576s]   242 |             [01;31m[KRCLCPP_ERROR[m[K(this->get_logger(), "Not enough points for affine transformation.");
[5.577s]       |             [01;31m[K^~~~~~~~~~~~[m[K
[5.577s] [01m[K/home/student/ros2_ws/src/scan_matching_localiser/src/map_processor_node.cpp:242:13:[m[K [01;31m[Kerror: [m[Ktemplate argument 1 is invalid
[5.577s]   242 |             [01;31m[KRCLCPP_ERROR[m[K(this->get_logger(), "Not enough points for affine transformation.");
[5.577s]       |             [01;31m[K^~~~~~~~~~~~[m[K
[5.577s] In file included from [01m[K/opt/ros/humble/include/rclcpp/rclcpp/logging.hpp:24[m[K,
[5.577s]                  from [01m[K/opt/ros/humble/include/rclcpp/rclcpp/client.hpp:40[m[K,
[5.577s]                  from [01m[K/opt/ros/humble/include/rclcpp/rclcpp/callback_group.hpp:24[m[K,
[5.578s]                  from [01m[K/opt/ros/humble/include/rclcpp/rclcpp/any_executable.hpp:20[m[K,
[5.578s]                  from [01m[K/opt/ros/humble/include/rclcpp/rclcpp/memory_strategy.hpp:25[m[K,
[5.578s]                  from [01m[K/opt/ros/humble/include/rclcpp/rclcpp/memory_strategies.hpp:18[m[K,
[5.579s]                  from [01m[K/opt/ros/humble/include/rclcpp/rclcpp/executor_options.hpp:20[m[K,
[5.579s]                  from [01m[K/opt/ros/humble/include/rclcpp/rclcpp/executor.hpp:37[m[K,
[5.580s]                  from [01m[K/opt/ros/humble/include/rclcpp/rclcpp/executors/multi_threaded_executor.hpp:25[m[K,
[5.580s]                  from [01m[K/opt/ros/humble/include/rclcpp/rclcpp/executors.hpp:21[m[K,
[5.580s]                  from [01m[K/opt/ros/humble/include/rclcpp/rclcpp/rclcpp.hpp:155[m[K,
[5.580s]                  from [01m[K/home/student/ros2_ws/src/scan_matching_localiser/src/map_processor_node.cpp:1[m[K:
[5.580s] [01m[K/home/student/ros2_ws/src/scan_matching_localiser/src/map_processor_node.cpp:242:26:[m[K [01;31m[Kerror: [m[Kinvalid use of â€˜[01m[Kthis[m[Kâ€™ in non-member function
[5.580s]   242 |            RCLCPP_ERROR([01;31m[Kthis[m[K->get_logger(), "Not enough points for affine transformation.");
[5.580s]       |                         [01;31m[K^~~~[m[K
[5.580s] 
[5.580s] [01m[K/home/student/ros2_ws/src/scan_matching_localiser/src/map_processor_node.cpp:242:26:[m[K [01;31m[Kerror: [m[Kinvalid use of â€˜[01m[Kthis[m[Kâ€™ in non-member function
[5.581s]   242 |            RCLCPP_ERROR([01;31m[Kthis[m[K->get_logger(), "Not enough points for affine transformation.");
[5.581s]       |                         [01;31m[K^~~~[m[K
[5.581s] 
[5.581s] In file included from [01m[K/opt/ros/humble/include/rclcpp/rclcpp/client.hpp:40[m[K,
[5.581s]                  from [01m[K/opt/ros/humble/include/rclcpp/rclcpp/callback_group.hpp:24[m[K,
[5.581s]                  from [01m[K/opt/ros/humble/include/rclcpp/rclcpp/any_executable.hpp:20[m[K,
[5.581s]                  from [01m[K/opt/ros/humble/include/rclcpp/rclcpp/memory_strategy.hpp:25[m[K,
[5.581s]                  from [01m[K/opt/ros/humble/include/rclcpp/rclcpp/memory_strategies.hpp:18[m[K,
[5.581s]                  from [01m[K/opt/ros/humble/include/rclcpp/rclcpp/executor_options.hpp:20[m[K,
[5.581s]                  from [01m[K/opt/ros/humble/include/rclcpp/rclcpp/executor.hpp:37[m[K,
[5.582s]                  from [01m[K/opt/ros/humble/include/rclcpp/rclcpp/executors/multi_threaded_executor.hpp:25[m[K,
[5.582s]                  from [01m[K/opt/ros/humble/include/rclcpp/rclcpp/executors.hpp:21[m[K,
[5.582s]                  from [01m[K/opt/ros/humble/include/rclcpp/rclcpp/rclcpp.hpp:155[m[K,
[5.582s]                  from [01m[K/home/student/ros2_ws/src/scan_matching_localiser/src/map_processor_node.cpp:1[m[K:
[5.582s] [01m[K/home/student/ros2_ws/src/scan_matching_localiser/src/map_processor_node.cpp:249:30:[m[K [01;31m[Kerror: [m[Kinvalid use of â€˜[01m[Kthis[m[Kâ€™ in non-member function
[5.582s]   249 |            RCLCPP_ERROR([01;31m[Kthis[m[K->get_logger(), "Transformation matrix estimation failed.");
[5.582s]       |                         [01;31m[K^~~~[m[K
[5.582s] 
[5.582s] [01m[K/home/student/ros2_ws/src/scan_matching_localiser/src/map_processor_node.cpp:249:30:[m[K [01;31m[Kerror: [m[Kinvalid use of â€˜[01m[Kthis[m[Kâ€™ in non-member function
[5.582s] [01m[K/home/student/ros2_ws/src/scan_matching_localiser/src/map_processor_node.cpp:249:17:[m[K [01;31m[Kerror: [m[Ktemplate argument 1 is invalid
[5.583s]   249 |                 [01;31m[KRCLCPP_ERROR[m[K(this->get_logger(), "Transformation matrix estimation failed.");
[5.583s]       |                 [01;31m[K^~~~~~~~~~~~[m[K
[5.583s] [01m[K/home/student/ros2_ws/src/scan_matching_localiser/src/map_processor_node.cpp:249:17:[m[K [01;31m[Kerror: [m[Ktemplate argument 1 is invalid
[5.583s]   249 |                 [01;31m[KRCLCPP_ERROR[m[K(this->get_logger(), "Transformation matrix estimation failed.");
[5.583s]       |                 [01;31m[K^~~~~~~~~~~~[m[K
[5.583s] [01m[K/home/student/ros2_ws/src/scan_matching_localiser/src/map_processor_node.cpp:249:17:[m[K [01;31m[Kerror: [m[Ktemplate argument 1 is invalid
[5.583s]   249 |                 [01;31m[KRCLCPP_ERROR[m[K(this->get_logger(), "Transformation matrix estimation failed.");
[5.583s]       |                 [01;31m[K^~~~~~~~~~~~[m[K
[5.584s] In file included from [01m[K/opt/ros/humble/include/rclcpp/rclcpp/logging.hpp:24[m[K,
[5.584s]                  from [01m[K/opt/ros/humble/include/rclcpp/rclcpp/client.hpp:40[m[K,
[5.584s]                  from [01m[K/opt/ros/humble/include/rclcpp/rclcpp/callback_group.hpp:24[m[K,
[5.584s]                  from [01m[K/opt/ros/humble/include/rclcpp/rclcpp/any_executable.hpp:20[m[K,
[5.584s]                  from [01m[K/opt/ros/humble/include/rclcpp/rclcpp/memory_strategy.hpp:25[m[K,
[5.584s]                  from [01m[K/opt/ros/humble/include/rclcpp/rclcpp/memory_strategies.hpp:18[m[K,
[5.584s]                  from [01m[K/opt/ros/humble/include/rclcpp/rclcpp/executor_options.hpp:20[m[K,
[5.584s]                  from [01m[K/opt/ros/humble/include/rclcpp/rclcpp/executor.hpp:37[m[K,
[5.585s]                  from [01m[K/opt/ros/humble/include/rclcpp/rclcpp/executors/multi_threaded_executor.hpp:25[m[K,
[5.585s]                  from [01m[K/opt/ros/humble/include/rclcpp/rclcpp/executors.hpp:21[m[K,
[5.585s]                  from [01m[K/opt/ros/humble/include/rclcpp/rclcpp/rclcpp.hpp:155[m[K,
[5.585s]                  from [01m[K/home/student/ros2_ws/src/scan_matching_localiser/src/map_processor_node.cpp:1[m[K:
[5.585s] [01m[K/home/student/ros2_ws/src/scan_matching_localiser/src/map_processor_node.cpp:249:30:[m[K [01;31m[Kerror: [m[Kinvalid use of â€˜[01m[Kthis[m[Kâ€™ in non-member function
[5.585s]   249 |            RCLCPP_ERROR([01;31m[Kthis[m[K->get_logger(), "Transformation matrix estimation failed.");
[5.585s]       |                         [01;31m[K^~~~[m[K
[5.585s] 
[5.586s] [01m[K/home/student/ros2_ws/src/scan_matching_localiser/src/map_processor_node.cpp:249:30:[m[K [01;31m[Kerror: [m[Kinvalid use of â€˜[01m[Kthis[m[Kâ€™ in non-member function
[5.586s]   249 |            RCLCPP_ERROR([01;31m[Kthis[m[K->get_logger(), "Transformation matrix estimation failed.");
[5.586s]       |                         [01;31m[K^~~~[m[K
[5.586s] 
[5.590s] [01m[K/home/student/ros2_ws/src/scan_matching_localiser/src/map_processor_node.cpp:252:17:[m[K [01;31m[Kerror: [m[Kâ€˜[01m[Kangle_difference_[m[Kâ€™ was not declared in this scope
[5.590s]   252 |                 [01;31m[Kangle_difference_[m[K = atan2(transform_matrix.at<double>(1, 0), transform_matrix.at<double>(0, 0));
[5.590s]       |                 [01;31m[K^~~~~~~~~~~~~~~~~[m[K
[5.591s] In file included from [01m[K/opt/ros/humble/include/rclcpp/rclcpp/client.hpp:40[m[K,
[5.591s]                  from [01m[K/opt/ros/humble/include/rclcpp/rclcpp/callback_group.hpp:24[m[K,
[5.591s]                  from [01m[K/opt/ros/humble/include/rclcpp/rclcpp/any_executable.hpp:20[m[K,
[5.591s]                  from [01m[K/opt/ros/humble/include/rclcpp/rclcpp/memory_strategy.hpp:25[m[K,
[5.591s]                  from [01m[K/opt/ros/humble/include/rclcpp/rclcpp/memory_strategies.hpp:18[m[K,
[5.591s]                  from [01m[K/opt/ros/humble/include/rclcpp/rclcpp/executor_options.hpp:20[m[K,
[5.592s]                  from [01m[K/opt/ros/humble/include/rclcpp/rclcpp/executor.hpp:37[m[K,
[5.592s]                  from [01m[K/opt/ros/humble/include/rclcpp/rclcpp/executors/multi_threaded_executor.hpp:25[m[K,
[5.592s]                  from [01m[K/opt/ros/humble/include/rclcpp/rclcpp/executors.hpp:21[m[K,
[5.592s]                  from [01m[K/opt/ros/humble/include/rclcpp/rclcpp/rclcpp.hpp:155[m[K,
[5.592s]                  from [01m[K/home/student/ros2_ws/src/scan_matching_localiser/src/map_processor_node.cpp:1[m[K:
[5.592s] [01m[K/home/student/ros2_ws/src/scan_matching_localiser/src/map_processor_node.cpp:254:29:[m[K [01;31m[Kerror: [m[Kinvalid use of â€˜[01m[Kthis[m[Kâ€™ in non-member function
[5.593s]   254 |             RCLCPP_INFO([01;31m[Kthis[m[K->get_logger(), "Estimated yaw angle change: %f degrees", angle_difference_);
[5.593s]       |                         [01;31m[K^~~~[m[K
[5.593s] 
[5.593s] [01m[K/home/student/ros2_ws/src/scan_matching_localiser/src/map_processor_node.cpp:254:29:[m[K [01;31m[Kerror: [m[Kinvalid use of â€˜[01m[Kthis[m[Kâ€™ in non-member function
[5.593s] [01m[K/home/student/ros2_ws/src/scan_matching_localiser/src/map_processor_node.cpp:254:17:[m[K [01;31m[Kerror: [m[Ktemplate argument 1 is invalid
[5.596s]   254 |                 [01;31m[KRCLCPP_INFO[m[K(this->get_logger(), "Estimated yaw angle change: %f degrees", angle_difference_);
[5.596s]       |                 [01;31m[K^~~~~~~~~~~[m[K
[5.596s] [01m[K/home/student/ros2_ws/src/scan_matching_localiser/src/map_processor_node.cpp:254:17:[m[K [01;31m[Kerror: [m[Ktemplate argument 1 is invalid
[5.596s]   254 |                 [01;31m[KRCLCPP_INFO[m[K(this->get_logger(), "Estimated yaw angle change: %f degrees", angle_difference_);
[5.596s]       |                 [01;31m[K^~~~~~~~~~~[m[K
[5.596s] [01m[K/home/student/ros2_ws/src/scan_matching_localiser/src/map_processor_node.cpp:254:17:[m[K [01;31m[Kerror: [m[Ktemplate argument 1 is invalid
[5.597s]   254 |                 [01;31m[KRCLCPP_INFO[m[K(this->get_logger(), "Estimated yaw angle change: %f degrees", angle_difference_);
[5.597s]       |                 [01;31m[K^~~~~~~~~~~[m[K
[5.597s] In file included from [01m[K/opt/ros/humble/include/rclcpp/rclcpp/logging.hpp:24[m[K,
[5.597s]                  from [01m[K/opt/ros/humble/include/rclcpp/rclcpp/client.hpp:40[m[K,
[5.597s]                  from [01m[K/opt/ros/humble/include/rclcpp/rclcpp/callback_group.hpp:24[m[K,
[5.597s]                  from [01m[K/opt/ros/humble/include/rclcpp/rclcpp/any_executable.hpp:20[m[K,
[5.597s]                  from [01m[K/opt/ros/humble/include/rclcpp/rclcpp/memory_strategy.hpp:25[m[K,
[5.597s]                  from [01m[K/opt/ros/humble/include/rclcpp/rclcpp/memory_strategies.hpp:18[m[K,
[5.597s]                  from [01m[K/opt/ros/humble/include/rclcpp/rclcpp/executor_options.hpp:20[m[K,
[5.598s]                  from [01m[K/opt/ros/humble/include/rclcpp/rclcpp/executor.hpp:37[m[K,
[5.598s]                  from [01m[K/opt/ros/humble/include/rclcpp/rclcpp/executors/multi_threaded_executor.hpp:25[m[K,
[5.598s]                  from [01m[K/opt/ros/humble/include/rclcpp/rclcpp/executors.hpp:21[m[K,
[5.598s]                  from [01m[K/opt/ros/humble/include/rclcpp/rclcpp/rclcpp.hpp:155[m[K,
[5.598s]                  from [01m[K/home/student/ros2_ws/src/scan_matching_localiser/src/map_processor_node.cpp:1[m[K:
[5.598s] [01m[K/home/student/ros2_ws/src/scan_matching_localiser/src/map_processor_node.cpp:254:29:[m[K [01;31m[Kerror: [m[Kinvalid use of â€˜[01m[Kthis[m[Kâ€™ in non-member function
[5.598s]   254 |             RCLCPP_INFO([01;31m[Kthis[m[K->get_logger(), "Estimated yaw angle change: %f degrees", angle_difference_);
[5.598s]       |                         [01;31m[K^~~~[m[K
[5.599s] 
[5.599s] [01m[K/home/student/ros2_ws/src/scan_matching_localiser/src/map_processor_node.cpp:254:29:[m[K [01;31m[Kerror: [m[Kinvalid use of â€˜[01m[Kthis[m[Kâ€™ in non-member function
[5.599s]   254 |             RCLCPP_INFO([01;31m[Kthis[m[K->get_logger(), "Estimated yaw angle change: %f degrees", angle_difference_);
[5.599s]       |                         [01;31m[K^~~~[m[K
[5.599s] 
[5.599s] In file included from [01m[K/opt/ros/humble/include/rclcpp/rclcpp/client.hpp:40[m[K,
[5.599s]                  from [01m[K/opt/ros/humble/include/rclcpp/rclcpp/callback_group.hpp:24[m[K,
[5.599s]                  from [01m[K/opt/ros/humble/include/rclcpp/rclcpp/any_executable.hpp:20[m[K,
[5.600s]                  from [01m[K/opt/ros/humble/include/rclcpp/rclcpp/memory_strategy.hpp:25[m[K,
[5.600s]                  from [01m[K/opt/ros/humble/include/rclcpp/rclcpp/memory_strategies.hpp:18[m[K,
[5.600s]                  from [01m[K/opt/ros/humble/include/rclcpp/rclcpp/executor_options.hpp:20[m[K,
[5.600s]                  from [01m[K/opt/ros/humble/include/rclcpp/rclcpp/executor.hpp:37[m[K,
[5.600s]                  from [01m[K/opt/ros/humble/include/rclcpp/rclcpp/executors/multi_threaded_executor.hpp:25[m[K,
[5.600s]                  from [01m[K/opt/ros/humble/include/rclcpp/rclcpp/executors.hpp:21[m[K,
[5.600s]                  from [01m[K/opt/ros/humble/include/rclcpp/rclcpp/rclcpp.hpp:155[m[K,
[5.600s]                  from [01m[K/home/student/ros2_ws/src/scan_matching_localiser/src/map_processor_node.cpp:1[m[K:
[5.601s] [01m[K/home/student/ros2_ws/src/scan_matching_localiser/src/map_processor_node.cpp:257:26:[m[K [01;31m[Kerror: [m[Kinvalid use of â€˜[01m[Kthis[m[Kâ€™ in non-member function
[5.601s]   257 |            RCLCPP_ERROR([01;31m[Kthis[m[K->get_logger(), "Error in estimateAffinePartial2D: %s", e.what());
[5.601s]       |                         [01;31m[K^~~~[m[K
[5.601s] 
[5.601s] [01m[K/home/student/ros2_ws/src/scan_matching_localiser/src/map_processor_node.cpp:257:26:[m[K [01;31m[Kerror: [m[Kinvalid use of â€˜[01m[Kthis[m[Kâ€™ in non-member function
[5.601s] [01m[K/home/student/ros2_ws/src/scan_matching_localiser/src/map_processor_node.cpp:257:13:[m[K [01;31m[Kerror: [m[Ktemplate argument 1 is invalid
[5.601s]   257 |             [01;31m[KRCLCPP_ERROR[m[K(this->get_logger(), "Error in estimateAffinePartial2D: %s", e.what());
[5.601s]       |             [01;31m[K^~~~~~~~~~~~[m[K
[5.601s] [01m[K/home/student/ros2_ws/src/scan_matching_localiser/src/map_processor_node.cpp:257:13:[m[K [01;31m[Kerror: [m[Ktemplate argument 1 is invalid
[5.602s]   257 |             [01;31m[KRCLCPP_ERROR[m[K(this->get_logger(), "Error in estimateAffinePartial2D: %s", e.what());
[5.602s]       |             [01;31m[K^~~~~~~~~~~~[m[K
[5.602s] [01m[K/home/student/ros2_ws/src/scan_matching_localiser/src/map_processor_node.cpp:257:13:[m[K [01;31m[Kerror: [m[Ktemplate argument 1 is invalid
[5.602s]   257 |             [01;31m[KRCLCPP_ERROR[m[K(this->get_logger(), "Error in estimateAffinePartial2D: %s", e.what());
[5.602s]       |             [01;31m[K^~~~~~~~~~~~[m[K
[5.602s] In file included from [01m[K/opt/ros/humble/include/rclcpp/rclcpp/logging.hpp:24[m[K,
[5.602s]                  from [01m[K/opt/ros/humble/include/rclcpp/rclcpp/client.hpp:40[m[K,
[5.602s]                  from [01m[K/opt/ros/humble/include/rclcpp/rclcpp/callback_group.hpp:24[m[K,
[5.602s]                  from [01m[K/opt/ros/humble/include/rclcpp/rclcpp/any_executable.hpp:20[m[K,
[5.602s]                  from [01m[K/opt/ros/humble/include/rclcpp/rclcpp/memory_strategy.hpp:25[m[K,
[5.602s]                  from [01m[K/opt/ros/humble/include/rclcpp/rclcpp/memory_strategies.hpp:18[m[K,
[5.602s]                  from [01m[K/opt/ros/humble/include/rclcpp/rclcpp/executor_options.hpp:20[m[K,
[5.603s]                  from [01m[K/opt/ros/humble/include/rclcpp/rclcpp/executor.hpp:37[m[K,
[5.603s]                  from [01m[K/opt/ros/humble/include/rclcpp/rclcpp/executors/multi_threaded_executor.hpp:25[m[K,
[5.603s]                  from [01m[K/opt/ros/humble/include/rclcpp/rclcpp/executors.hpp:21[m[K,
[5.603s]                  from [01m[K/opt/ros/humble/include/rclcpp/rclcpp/rclcpp.hpp:155[m[K,
[5.603s]                  from [01m[K/home/student/ros2_ws/src/scan_matching_localiser/src/map_processor_node.cpp:1[m[K:
[5.603s] [01m[K/home/student/ros2_ws/src/scan_matching_localiser/src/map_processor_node.cpp:257:26:[m[K [01;31m[Kerror: [m[Kinvalid use of â€˜[01m[Kthis[m[Kâ€™ in non-member function
[5.603s]   257 |            RCLCPP_ERROR([01;31m[Kthis[m[K->get_logger(), "Error in estimateAffinePartial2D: %s", e.what());
[5.603s]       |                         [01;31m[K^~~~[m[K
[5.603s] 
[5.603s] [01m[K/home/student/ros2_ws/src/scan_matching_localiser/src/map_processor_node.cpp:257:26:[m[K [01;31m[Kerror: [m[Kinvalid use of â€˜[01m[Kthis[m[Kâ€™ in non-member function
[5.603s]   257 |            RCLCPP_ERROR([01;31m[Kthis[m[K->get_logger(), "Error in estimateAffinePartial2D: %s", e.what());
[5.604s]       |                         [01;31m[K^~~~[m[K
[5.604s] 
[5.604s] [01m[K/home/student/ros2_ws/src/scan_matching_localiser/src/map_processor_node.cpp:[m[K At global scope:
[5.604s] [01m[K/home/student/ros2_ws/src/scan_matching_localiser/src/map_processor_node.cpp:296:1:[m[K [01;31m[Kerror: [m[Kexpected declaration before â€˜[01m[K}[m[Kâ€™ token
[5.604s]   296 | [01;31m[K}[m[K;
[5.604s]       | [01;31m[K^[m[K
[12.397s] gmake[2]: *** [CMakeFiles/map_processor_node.dir/build.make:76: CMakeFiles/map_processor_node.dir/src/map_processor_node.cpp.o] Error 1
[12.398s] gmake[1]: *** [CMakeFiles/Makefile2:137: CMakeFiles/map_processor_node.dir/all] Error 2
[12.400s] gmake: *** [Makefile:146: all] Error 2
[12.404s] Invoked command in '/home/student/ros2_ws/build/scan_matching_localiser' returned '2': CMAKE_PREFIX_PATH=${CMAKE_PREFIX_PATH}:/home/student/ros2_ws/install/turtlebot3_teleop:/home/student/ros2_ws/install/turtlebot3_example:/opt/ros/humble /usr/bin/cmake --build /home/student/ros2_ws/build/scan_matching_localiser -- -j8 -l8
