[0.033s] Invoking command in '/home/student/ros2_ws/build/turtlebot3_state_estimation': CMAKE_PREFIX_PATH=${CMAKE_PREFIX_PATH}:/home/student/ros2_ws/install/turtlebot3_teleop:/home/student/ros2_ws/install/turtlebot3_example:/opt/ros/humble /usr/bin/cmake --build /home/student/ros2_ws/build/turtlebot3_state_estimation -- -j8 -l8
[0.092s] -- Found ament_cmake: 1.3.9 (/opt/ros/humble/share/ament_cmake/cmake)
[0.342s] -- Found rclcpp: 16.0.9 (/opt/ros/humble/share/rclcpp/cmake)
[0.402s] -- Found rosidl_generator_c: 3.1.5 (/opt/ros/humble/share/rosidl_generator_c/cmake)
[0.410s] -- Found rosidl_adapter: 3.1.5 (/opt/ros/humble/share/rosidl_adapter/cmake)
[0.419s] -- Found rosidl_generator_cpp: 3.1.5 (/opt/ros/humble/share/rosidl_generator_cpp/cmake)
[0.451s] -- Using all available rosidl_typesupport_c: rosidl_typesupport_fastrtps_c;rosidl_typesupport_introspection_c
[0.480s] -- Using all available rosidl_typesupport_cpp: rosidl_typesupport_fastrtps_cpp;rosidl_typesupport_introspection_cpp
[0.593s] -- Found rmw_implementation_cmake: 6.1.2 (/opt/ros/humble/share/rmw_implementation_cmake/cmake)
[0.597s] -- Found rmw_fastrtps_cpp: 6.2.6 (/opt/ros/humble/share/rmw_fastrtps_cpp/cmake)
[0.855s] -- Using RMW implementation 'rmw_fastrtps_cpp' as default
[1.178s] -- Found geometry_msgs: 4.2.4 (/opt/ros/humble/share/geometry_msgs/cmake)
[1.262s] -- Found nav_msgs: 4.2.4 (/opt/ros/humble/share/nav_msgs/cmake)
[1.478s] -- Found tf2: 0.25.7 (/opt/ros/humble/share/tf2/cmake)
[1.520s] -- Found ament_lint_auto: 0.12.11 (/opt/ros/humble/share/ament_lint_auto/cmake)
[1.685s] -- Added test 'cppcheck' to perform static code analysis on C / C++ code
[1.692s] -- Configured cppcheck include dirs: $<BUILD_INTERFACE:/home/student/ros2_ws/src/turtlebot3_state_estimation/include>
[1.692s] -- Configured cppcheck exclude dirs and/or files: 
[1.692s] -- Added test 'lint_cmake' to check CMake code style
[1.706s] -- Added test 'uncrustify' to check C / C++ code style
[1.706s] -- Configured uncrustify additional arguments: 
[1.708s] -- Added test 'xmllint' to check XML markup files
[1.711s] -- Configuring done
[1.734s] -- Generating done
[1.738s] -- Build files have been written to: /home/student/ros2_ws/build/turtlebot3_state_estimation
[1.807s] [35m[1mConsolidate compiler generated dependencies of target dead_reckoning[0m
[1.867s] [ 50%] [32mBuilding CXX object CMakeFiles/dead_reckoning.dir/src/dead_reckoning.cpp.o[0m
[2.316s] [01m[K/home/student/ros2_ws/src/turtlebot3_state_estimation/src/dead_reckoning.cpp:4:10:[m[K [01;31m[Kfatal error: [m[Ktf2/LinearMath/Quaternion.h: No such file or directory
[2.316s]     4 | #include [01;31m[K<tf2/LinearMath/Quaternion.h>[m[K
[2.316s]       |          [01;31m[K^~~~~~~~~~~~~~~~~~~~~~~~~~~~~[m[K
[2.317s] compilation terminated.
[2.320s] gmake[2]: *** [CMakeFiles/dead_reckoning.dir/build.make:76: CMakeFiles/dead_reckoning.dir/src/dead_reckoning.cpp.o] Error 1
[2.320s] gmake[1]: *** [CMakeFiles/Makefile2:137: CMakeFiles/dead_reckoning.dir/all] Error 2
[2.321s] gmake: *** [Makefile:146: all] Error 2
[2.324s] Invoked command in '/home/student/ros2_ws/build/turtlebot3_state_estimation' returned '2': CMAKE_PREFIX_PATH=${CMAKE_PREFIX_PATH}:/home/student/ros2_ws/install/turtlebot3_teleop:/home/student/ros2_ws/install/turtlebot3_example:/opt/ros/humble /usr/bin/cmake --build /home/student/ros2_ws/build/turtlebot3_state_estimation -- -j8 -l8
